2022-04-22 10:20:39.933 [Thread-1] INFO  ies.hw.hw1.http.WeakConcurrentHashMap - Initiating Cleaner Thread...
2022-04-22 10:20:39.935 [Thread-2] INFO  ies.hw.hw1.http.WeakConcurrentHashMap - Initiating Cleaner Thread...
2022-04-22 10:20:51.896 [http-nio-8080-exec-2] INFO  ies.hw.hw1.controller.CovidController - API 1 - Getting all countries
2022-04-22 10:20:52.766 [http-nio-8080-exec-2] INFO  ies.hw.hw1.http.WeakConcurrentHashMap - Inserting : https://covid-193.p.rapidapi.com/countries : on Cache
2022-04-22 10:22:13.399 [http-nio-8080-exec-5] INFO  ies.hw.hw1.controller.CovidController - API 1 - Getting all countries
2022-04-22 10:22:13.400 [http-nio-8080-exec-5] INFO  ies.hw.hw1.http.Client - Cache used for url: https://covid-193.p.rapidapi.com/countries
2022-04-22 10:22:14.506 [http-nio-8080-exec-7] INFO  ies.hw.hw1.controller.CovidController - API 1 - Getting Country Brazil for day: 2022-04-22 until 2022-04-22
2022-04-22 10:22:14.935 [http-nio-8080-exec-7] INFO  ies.hw.hw1.http.WeakConcurrentHashMap - Inserting : https://covid-193.p.rapidapi.com/history?country=Brazil&day=2022-04-22 : on Cache
2022-04-22 10:22:15.391 [http-nio-8080-exec-9] INFO  ies.hw.hw1.controller.CovidController - API 1 - Getting Country Brazil for day: 2022-04-12 until 2022-04-22
2022-04-22 10:22:15.744 [http-nio-8080-exec-9] INFO  ies.hw.hw1.http.WeakConcurrentHashMap - Inserting : https://covid-193.p.rapidapi.com/history?country=Brazil&day=2022-04-12 : on Cache
2022-04-22 10:22:16.101 [http-nio-8080-exec-9] INFO  ies.hw.hw1.http.WeakConcurrentHashMap - Inserting : https://covid-193.p.rapidapi.com/history?country=Brazil&day=2022-04-13 : on Cache
2022-04-22 10:22:16.265 [http-nio-8080-exec-1] INFO  ies.hw.hw1.controller.CovidController - API 1 - Getting Country Brazil for day: 2022-04-12 until 2022-04-18
2022-04-22 10:22:16.265 [http-nio-8080-exec-1] INFO  ies.hw.hw1.http.Client - Cache used for url: https://covid-193.p.rapidapi.com/history?country=Brazil&day=2022-04-12
2022-04-22 10:22:16.265 [http-nio-8080-exec-1] INFO  ies.hw.hw1.http.Client - Cache used for url: https://covid-193.p.rapidapi.com/history?country=Brazil&day=2022-04-13
2022-04-22 10:22:16.398 [http-nio-8080-exec-9] INFO  ies.hw.hw1.http.WeakConcurrentHashMap - Inserting : https://covid-193.p.rapidapi.com/history?country=Brazil&day=2022-04-14 : on Cache
2022-04-22 10:22:16.560 [http-nio-8080-exec-1] INFO  ies.hw.hw1.http.WeakConcurrentHashMap - Inserting : https://covid-193.p.rapidapi.com/history?country=Brazil&day=2022-04-14 : on Cache
2022-04-22 10:22:16.687 [http-nio-8080-exec-9] INFO  ies.hw.hw1.http.WeakConcurrentHashMap - Inserting : https://covid-193.p.rapidapi.com/history?country=Brazil&day=2022-04-15 : on Cache
2022-04-22 10:22:16.860 [http-nio-8080-exec-1] INFO  ies.hw.hw1.http.WeakConcurrentHashMap - Inserting : https://covid-193.p.rapidapi.com/history?country=Brazil&day=2022-04-15 : on Cache
2022-04-22 10:22:17.032 [http-nio-8080-exec-9] INFO  ies.hw.hw1.http.WeakConcurrentHashMap - Inserting : https://covid-193.p.rapidapi.com/history?country=Brazil&day=2022-04-16 : on Cache
2022-04-22 10:22:17.151 [http-nio-8080-exec-1] INFO  ies.hw.hw1.http.WeakConcurrentHashMap - Inserting : https://covid-193.p.rapidapi.com/history?country=Brazil&day=2022-04-16 : on Cache
2022-04-22 10:22:17.376 [http-nio-8080-exec-9] INFO  ies.hw.hw1.http.WeakConcurrentHashMap - Inserting : https://covid-193.p.rapidapi.com/history?country=Brazil&day=2022-04-17 : on Cache
2022-04-22 10:22:17.519 [http-nio-8080-exec-1] INFO  ies.hw.hw1.http.WeakConcurrentHashMap - Inserting : https://covid-193.p.rapidapi.com/history?country=Brazil&day=2022-04-17 : on Cache
2022-04-22 10:22:17.811 [http-nio-8080-exec-9] INFO  ies.hw.hw1.http.WeakConcurrentHashMap - Inserting : https://covid-193.p.rapidapi.com/history?country=Brazil&day=2022-04-18 : on Cache
2022-04-22 10:22:17.917 [http-nio-8080-exec-1] INFO  ies.hw.hw1.http.WeakConcurrentHashMap - Inserting : https://covid-193.p.rapidapi.com/history?country=Brazil&day=2022-04-18 : on Cache
2022-04-22 10:22:18.152 [http-nio-8080-exec-9] INFO  ies.hw.hw1.http.WeakConcurrentHashMap - Inserting : https://covid-193.p.rapidapi.com/history?country=Brazil&day=2022-04-19 : on Cache
2022-04-22 10:22:18.441 [http-nio-8080-exec-9] INFO  ies.hw.hw1.http.WeakConcurrentHashMap - Inserting : https://covid-193.p.rapidapi.com/history?country=Brazil&day=2022-04-20 : on Cache
2022-04-22 10:22:18.756 [http-nio-8080-exec-9] INFO  ies.hw.hw1.http.WeakConcurrentHashMap - Inserting : https://covid-193.p.rapidapi.com/history?country=Brazil&day=2022-04-21 : on Cache
2022-04-22 10:22:18.756 [http-nio-8080-exec-9] INFO  ies.hw.hw1.http.Client - Cache used for url: https://covid-193.p.rapidapi.com/history?country=Brazil&day=2022-04-22
2022-04-22 10:22:22.091 [http-nio-8080-exec-4] INFO  ies.hw.hw1.controller.CovidController - API 1 - Getting all countries
2022-04-22 10:22:22.092 [http-nio-8080-exec-4] INFO  ies.hw.hw1.http.Client - Cache used for url: https://covid-193.p.rapidapi.com/countries
2022-04-22 10:22:22.981 [http-nio-8080-exec-6] INFO  ies.hw.hw1.controller.CovidController - API 1 - Getting Country Argentina for day: 2022-04-22 until 2022-04-22
2022-04-22 10:22:23.311 [http-nio-8080-exec-6] INFO  ies.hw.hw1.http.WeakConcurrentHashMap - Inserting : https://covid-193.p.rapidapi.com/history?country=Argentina&day=2022-04-22 : on Cache
2022-04-22 10:22:23.741 [http-nio-8080-exec-8] INFO  ies.hw.hw1.controller.CovidController - API 1 - Getting Country Argentina for day: 2022-04-12 until 2022-04-22
2022-04-22 10:22:24.248 [http-nio-8080-exec-8] INFO  ies.hw.hw1.http.WeakConcurrentHashMap - Inserting : https://covid-193.p.rapidapi.com/history?country=Argentina&day=2022-04-12 : on Cache
2022-04-22 10:22:24.634 [http-nio-8080-exec-1] INFO  ies.hw.hw1.controller.CovidController - API 1 - Getting Country Argentina for day: 2022-04-12 until 2022-04-18
2022-04-22 10:22:24.634 [http-nio-8080-exec-1] INFO  ies.hw.hw1.http.Client - Cache used for url: https://covid-193.p.rapidapi.com/history?country=Argentina&day=2022-04-12
2022-04-22 10:22:25.106 [http-nio-8080-exec-8] INFO  ies.hw.hw1.http.WeakConcurrentHashMap - Inserting : https://covid-193.p.rapidapi.com/history?country=Argentina&day=2022-04-13 : on Cache
2022-04-22 10:22:25.329 [http-nio-8080-exec-1] INFO  ies.hw.hw1.http.WeakConcurrentHashMap - Inserting : https://covid-193.p.rapidapi.com/history?country=Argentina&day=2022-04-13 : on Cache
2022-04-22 10:22:25.772 [http-nio-8080-exec-8] INFO  ies.hw.hw1.http.WeakConcurrentHashMap - Inserting : https://covid-193.p.rapidapi.com/history?country=Argentina&day=2022-04-14 : on Cache
2022-04-22 10:22:26.029 [http-nio-8080-exec-1] INFO  ies.hw.hw1.http.WeakConcurrentHashMap - Inserting : https://covid-193.p.rapidapi.com/history?country=Argentina&day=2022-04-14 : on Cache
2022-04-22 10:22:26.136 [http-nio-8080-exec-8] INFO  ies.hw.hw1.http.WeakConcurrentHashMap - Inserting : https://covid-193.p.rapidapi.com/history?country=Argentina&day=2022-04-15 : on Cache
2022-04-22 10:22:26.365 [http-nio-8080-exec-1] INFO  ies.hw.hw1.http.WeakConcurrentHashMap - Inserting : https://covid-193.p.rapidapi.com/history?country=Argentina&day=2022-04-15 : on Cache
2022-04-22 10:22:26.512 [http-nio-8080-exec-8] INFO  ies.hw.hw1.http.WeakConcurrentHashMap - Inserting : https://covid-193.p.rapidapi.com/history?country=Argentina&day=2022-04-16 : on Cache
2022-04-22 10:22:26.780 [http-nio-8080-exec-1] INFO  ies.hw.hw1.http.WeakConcurrentHashMap - Inserting : https://covid-193.p.rapidapi.com/history?country=Argentina&day=2022-04-16 : on Cache
2022-04-22 10:22:26.914 [http-nio-8080-exec-8] INFO  ies.hw.hw1.http.WeakConcurrentHashMap - Inserting : https://covid-193.p.rapidapi.com/history?country=Argentina&day=2022-04-17 : on Cache
2022-04-22 10:22:27.079 [http-nio-8080-exec-1] INFO  ies.hw.hw1.http.WeakConcurrentHashMap - Inserting : https://covid-193.p.rapidapi.com/history?country=Argentina&day=2022-04-17 : on Cache
2022-04-22 10:22:27.209 [http-nio-8080-exec-8] INFO  ies.hw.hw1.http.WeakConcurrentHashMap - Inserting : https://covid-193.p.rapidapi.com/history?country=Argentina&day=2022-04-18 : on Cache
2022-04-22 10:22:06.529 [main] INFO  ies.hw.hw1.controller.CovidController - API 1 - Getting Country by name: not_existent
2022-04-22 10:22:06.721 [main] INFO  ies.hw.hw1.controller.CovidController - API 2 - Getting Country by name: not_existent
2022-04-22 10:22:06.742 [main] INFO  ies.hw.hw1.controller.CovidController - API 1 - Getting Country brazil for day: 2021-09-30 until 2021-10-01
2022-04-22 10:22:06.831 [main] INFO  ies.hw.hw1.controller.CovidController - API 2 - Getting Country brazil for day: 2021-09-30 until 2021-10-01
2022-04-22 10:22:06.868 [main] INFO  ies.hw.hw1.controller.CovidController - API 1 - Getting all countries
2022-04-22 10:22:06.905 [main] INFO  ies.hw.hw1.controller.CovidController - API 2 - Getting all countries
2022-04-22 10:22:06.922 [main] INFO  ies.hw.hw1.controller.CovidController - API 1 - Getting Country by name: brazil
2022-04-22 10:22:06.940 [main] INFO  ies.hw.hw1.controller.CovidController - API 2 - Getting Country by name: brazil
2022-04-22 10:22:06.957 [main] INFO  ies.hw.hw1.controller.CovidController - API 1 - Returning cache info: 
2022-04-22 10:22:06.977 [main] INFO  ies.hw.hw1.controller.CovidController - API 2 - Returning cache info: 
2022-04-22 10:22:06.999 [Thread-2] INFO  ies.hw.hw1.http.WeakConcurrentHashMap - Initiating Cleaner Thread...
2022-04-22 10:22:07.070 [Thread-3] INFO  ies.hw.hw1.http.WeakConcurrentHashMap - Initiating Cleaner Thread...
2022-04-22 10:22:07.075 [Thread-4] INFO  ies.hw.hw1.http.WeakConcurrentHashMap - Initiating Cleaner Thread...
2022-04-22 10:22:07.082 [Thread-5] INFO  ies.hw.hw1.http.WeakConcurrentHashMap - Initiating Cleaner Thread...
2022-04-22 10:22:07.122 [Thread-6] INFO  ies.hw.hw1.http.WeakConcurrentHashMap - Initiating Cleaner Thread...
2022-04-22 10:22:07.142 [Thread-7] INFO  ies.hw.hw1.http.WeakConcurrentHashMap - Initiating Cleaner Thread...
2022-04-22 10:22:07.147 [Thread-8] INFO  ies.hw.hw1.http.WeakConcurrentHashMap - Initiating Cleaner Thread...
2022-04-22 10:22:07.159 [Thread-9] INFO  ies.hw.hw1.http.WeakConcurrentHashMap - Initiating Cleaner Thread...
2022-04-22 10:22:07.175 [Thread-10] INFO  ies.hw.hw1.http.WeakConcurrentHashMap - Initiating Cleaner Thread...
2022-04-22 10:22:07.177 [main] INFO  ies.hw.hw1.http.WeakConcurrentHashMap - Inserting : teste ttl : on Cache
2022-04-22 10:22:07.179 [Thread-11] INFO  ies.hw.hw1.http.WeakConcurrentHashMap - Initiating Cleaner Thread...
2022-04-22 10:22:08.187 [Thread-11] INFO  ies.hw.hw1.http.WeakConcurrentHashMap - Removing : teste ttl : from Cache
2022-04-22 10:22:08.231 [Thread-12] INFO  ies.hw.hw1.http.WeakConcurrentHashMap - Initiating Cleaner Thread...
2022-04-22 10:22:08.232 [main] INFO  ies.hw.hw1.http.WeakConcurrentHashMap - Inserting : teste stats : on Cache
2022-04-22 10:22:08.235 [Thread-13] INFO  ies.hw.hw1.http.WeakConcurrentHashMap - Initiating Cleaner Thread...
2022-04-22 10:22:08.236 [Thread-14] INFO  ies.hw.hw1.http.WeakConcurrentHashMap - Initiating Cleaner Thread...
2022-04-22 10:22:08.236 [main] INFO  ies.hw.hw1.http.WeakConcurrentHashMap - Inserting : teste insertion 1 : on Cache
2022-04-22 10:22:08.237 [main] INFO  ies.hw.hw1.http.WeakConcurrentHashMap - Inserting : teste insertion 2 : on Cache
2022-04-22 10:22:09.237 [Thread-14] INFO  ies.hw.hw1.http.WeakConcurrentHashMap - Removing : teste insertion 1 : from Cache
2022-04-22 10:22:09.732 [Thread-12] INFO  ies.hw.hw1.http.WeakConcurrentHashMap - Removing : teste stats : from Cache
2022-04-22 10:22:09.737 [Thread-14] INFO  ies.hw.hw1.http.WeakConcurrentHashMap - Removing : teste insertion 2 : from Cache
2022-04-22 10:35:25.132 [Thread-0] INFO  ies.hw.hw1.http.WeakConcurrentHashMap - Initiating Cleaner Thread...
2022-04-22 10:36:16.431 [Thread-0] INFO  ies.hw.hw1.http.WeakConcurrentHashMap - Initiating Cleaner Thread...
2022-04-22 10:38:33.715 [Thread-0] INFO  ies.hw.hw1.http.WeakConcurrentHashMap - Initiating Cleaner Thread...
2022-04-22 10:22:27.358 [http-nio-8080-exec-1] INFO  ies.hw.hw1.http.WeakConcurrentHashMap - Inserting : https://covid-193.p.rapidapi.com/history?country=Argentina&day=2022-04-18 : on Cache
2022-04-22 10:22:27.517 [http-nio-8080-exec-8] INFO  ies.hw.hw1.http.WeakConcurrentHashMap - Inserting : https://covid-193.p.rapidapi.com/history?country=Argentina&day=2022-04-19 : on Cache
2022-04-22 10:22:27.905 [http-nio-8080-exec-8] INFO  ies.hw.hw1.http.WeakConcurrentHashMap - Inserting : https://covid-193.p.rapidapi.com/history?country=Argentina&day=2022-04-20 : on Cache
2022-04-22 10:22:28.230 [http-nio-8080-exec-8] INFO  ies.hw.hw1.http.WeakConcurrentHashMap - Inserting : https://covid-193.p.rapidapi.com/history?country=Argentina&day=2022-04-21 : on Cache
2022-04-22 10:22:28.230 [http-nio-8080-exec-8] INFO  ies.hw.hw1.http.Client - Cache used for url: https://covid-193.p.rapidapi.com/history?country=Argentina&day=2022-04-22
2022-04-22 10:22:31.416 [http-nio-8080-exec-3] INFO  ies.hw.hw1.controller.CovidController - API 1 - Getting all countries
2022-04-22 10:22:31.416 [http-nio-8080-exec-3] INFO  ies.hw.hw1.http.Client - Cache used for url: https://covid-193.p.rapidapi.com/countries
2022-04-22 10:22:31.894 [http-nio-8080-exec-5] INFO  ies.hw.hw1.controller.CovidController - API 2 - Getting all countries
2022-04-22 10:22:32.979 [http-nio-8080-exec-5] INFO  ies.hw.hw1.http.WeakConcurrentHashMap - Inserting : https://covid-19-statistics.p.rapidapi.com/regions : on Cache
2022-04-22 10:22:33.694 [http-nio-8080-exec-7] INFO  ies.hw.hw1.controller.CovidController - API 2 - Getting Country Brazil for day: 2022-04-22 until 2022-04-22
2022-04-22 10:22:34.176 [http-nio-8080-exec-7] INFO  ies.hw.hw1.http.WeakConcurrentHashMap - Inserting : https://covid-19-statistics.p.rapidapi.com/reports?region_name=Brazil&date=2022-04-22 : on Cache
2022-04-22 10:22:34.569 [http-nio-8080-exec-1] INFO  ies.hw.hw1.controller.CovidController - API 2 - Getting Country Brazil for day: 2022-04-12 until 2022-04-22
2022-04-22 10:22:35.071 [http-nio-8080-exec-1] INFO  ies.hw.hw1.http.WeakConcurrentHashMap - Inserting : https://covid-19-statistics.p.rapidapi.com/reports?region_name=Brazil&date=2022-04-12 : on Cache
2022-04-22 10:22:35.462 [http-nio-8080-exec-8] INFO  ies.hw.hw1.controller.CovidController - API 2 - Getting Country Brazil for day: 2022-04-12 until 2022-04-18
2022-04-22 10:22:35.463 [http-nio-8080-exec-8] INFO  ies.hw.hw1.http.Client - Cache used for url: https://covid-19-statistics.p.rapidapi.com/reports?region_name=Brazil&date=2022-04-12
2022-04-22 10:22:35.485 [http-nio-8080-exec-1] INFO  ies.hw.hw1.http.WeakConcurrentHashMap - Inserting : https://covid-19-statistics.p.rapidapi.com/reports?region_name=Brazil&date=2022-04-13 : on Cache
2022-04-22 10:22:35.738 [http-nio-8080-exec-8] INFO  ies.hw.hw1.http.WeakConcurrentHashMap - Inserting : https://covid-19-statistics.p.rapidapi.com/reports?region_name=Brazil&date=2022-04-13 : on Cache
2022-04-22 10:22:35.947 [http-nio-8080-exec-1] INFO  ies.hw.hw1.http.WeakConcurrentHashMap - Inserting : https://covid-19-statistics.p.rapidapi.com/reports?region_name=Brazil&date=2022-04-14 : on Cache
2022-04-22 10:22:35.973 [http-nio-8080-exec-8] INFO  ies.hw.hw1.http.WeakConcurrentHashMap - Inserting : https://covid-19-statistics.p.rapidapi.com/reports?region_name=Brazil&date=2022-04-14 : on Cache
2022-04-22 10:22:36.508 [http-nio-8080-exec-1] INFO  ies.hw.hw1.http.WeakConcurrentHashMap - Inserting : https://covid-19-statistics.p.rapidapi.com/reports?region_name=Brazil&date=2022-04-15 : on Cache
2022-04-22 10:22:36.509 [http-nio-8080-exec-8] INFO  ies.hw.hw1.http.WeakConcurrentHashMap - Inserting : https://covid-19-statistics.p.rapidapi.com/reports?region_name=Brazil&date=2022-04-15 : on Cache
2022-04-22 10:22:37.185 [http-nio-8080-exec-1] INFO  ies.hw.hw1.http.WeakConcurrentHashMap - Inserting : https://covid-19-statistics.p.rapidapi.com/reports?region_name=Brazil&date=2022-04-16 : on Cache
2022-04-22 10:22:37.201 [http-nio-8080-exec-8] INFO  ies.hw.hw1.http.WeakConcurrentHashMap - Inserting : https://covid-19-statistics.p.rapidapi.com/reports?region_name=Brazil&date=2022-04-16 : on Cache
2022-04-22 10:22:37.744 [http-nio-8080-exec-1] INFO  ies.hw.hw1.http.WeakConcurrentHashMap - Inserting : https://covid-19-statistics.p.rapidapi.com/reports?region_name=Brazil&date=2022-04-17 : on Cache
2022-04-22 10:22:37.760 [http-nio-8080-exec-8] INFO  ies.hw.hw1.http.WeakConcurrentHashMap - Inserting : https://covid-19-statistics.p.rapidapi.com/reports?region_name=Brazil&date=2022-04-17 : on Cache
2022-04-22 10:22:38.331 [http-nio-8080-exec-8] INFO  ies.hw.hw1.http.WeakConcurrentHashMap - Inserting : https://covid-19-statistics.p.rapidapi.com/reports?region_name=Brazil&date=2022-04-18 : on Cache
2022-04-22 10:22:38.331 [http-nio-8080-exec-1] INFO  ies.hw.hw1.http.WeakConcurrentHashMap - Inserting : https://covid-19-statistics.p.rapidapi.com/reports?region_name=Brazil&date=2022-04-18 : on Cache
2022-04-22 10:22:38.738 [http-nio-8080-exec-1] INFO  ies.hw.hw1.http.WeakConcurrentHashMap - Inserting : https://covid-19-statistics.p.rapidapi.com/reports?region_name=Brazil&date=2022-04-19 : on Cache
2022-04-22 10:22:39.127 [http-nio-8080-exec-1] INFO  ies.hw.hw1.http.WeakConcurrentHashMap - Inserting : https://covid-19-statistics.p.rapidapi.com/reports?region_name=Brazil&date=2022-04-20 : on Cache
2022-04-22 10:22:39.565 [http-nio-8080-exec-1] INFO  ies.hw.hw1.http.WeakConcurrentHashMap - Inserting : https://covid-19-statistics.p.rapidapi.com/reports?region_name=Brazil&date=2022-04-21 : on Cache
2022-04-22 10:22:39.566 [http-nio-8080-exec-1] INFO  ies.hw.hw1.http.Client - Cache used for url: https://covid-19-statistics.p.rapidapi.com/reports?region_name=Brazil&date=2022-04-22
2022-04-22 10:39:05.156 [http-nio-8080-exec-4] INFO  ies.hw.hw1.controller.CovidController - API 1 - Getting all countries
2022-04-22 10:39:05.157 [http-nio-8080-exec-4] INFO  ies.hw.hw1.http.Client - Cache used for url: https://covid-193.p.rapidapi.com/countries
2022-04-22 10:39:06.396 [http-nio-8080-exec-6] INFO  ies.hw.hw1.controller.CovidController - API 1 - Getting Country Brazil for day: 2022-04-22 until 2022-04-22
2022-04-22 10:39:06.397 [http-nio-8080-exec-6] INFO  ies.hw.hw1.http.Client - Cache used for url: https://covid-193.p.rapidapi.com/history?country=Brazil&day=2022-04-22
2022-04-22 10:39:07.173 [http-nio-8080-exec-10] INFO  ies.hw.hw1.controller.CovidController - API 1 - Getting Country Brazil for day: 2022-04-12 until 2022-04-22
2022-04-22 10:39:07.173 [http-nio-8080-exec-10] INFO  ies.hw.hw1.http.Client - Cache used for url: https://covid-193.p.rapidapi.com/history?country=Brazil&day=2022-04-12
2022-04-22 10:39:07.173 [http-nio-8080-exec-10] INFO  ies.hw.hw1.http.Client - Cache used for url: https://covid-193.p.rapidapi.com/history?country=Brazil&day=2022-04-13
2022-04-22 10:39:07.173 [http-nio-8080-exec-10] INFO  ies.hw.hw1.http.Client - Cache used for url: https://covid-193.p.rapidapi.com/history?country=Brazil&day=2022-04-14
2022-04-22 10:39:07.173 [http-nio-8080-exec-10] INFO  ies.hw.hw1.http.Client - Cache used for url: https://covid-193.p.rapidapi.com/history?country=Brazil&day=2022-04-15
2022-04-22 10:39:07.174 [http-nio-8080-exec-10] INFO  ies.hw.hw1.http.Client - Cache used for url: https://covid-193.p.rapidapi.com/history?country=Brazil&day=2022-04-16
2022-04-22 10:39:07.174 [http-nio-8080-exec-10] INFO  ies.hw.hw1.http.Client - Cache used for url: https://covid-193.p.rapidapi.com/history?country=Brazil&day=2022-04-17
2022-04-22 10:39:07.174 [http-nio-8080-exec-10] INFO  ies.hw.hw1.http.Client - Cache used for url: https://covid-193.p.rapidapi.com/history?country=Brazil&day=2022-04-18
2022-04-22 10:39:07.174 [http-nio-8080-exec-10] INFO  ies.hw.hw1.http.Client - Cache used for url: https://covid-193.p.rapidapi.com/history?country=Brazil&day=2022-04-19
2022-04-22 10:39:07.174 [http-nio-8080-exec-10] INFO  ies.hw.hw1.http.Client - Cache used for url: https://covid-193.p.rapidapi.com/history?country=Brazil&day=2022-04-20
2022-04-22 10:39:07.174 [http-nio-8080-exec-10] INFO  ies.hw.hw1.http.Client - Cache used for url: https://covid-193.p.rapidapi.com/history?country=Brazil&day=2022-04-21
2022-04-22 10:39:07.174 [http-nio-8080-exec-10] INFO  ies.hw.hw1.http.Client - Cache used for url: https://covid-193.p.rapidapi.com/history?country=Brazil&day=2022-04-22
2022-04-22 10:39:08.131 [http-nio-8080-exec-8] INFO  ies.hw.hw1.controller.CovidController - API 1 - Getting Country Brazil for day: 2022-04-12 until 2022-04-18
2022-04-22 10:39:08.132 [http-nio-8080-exec-8] INFO  ies.hw.hw1.http.Client - Cache used for url: https://covid-193.p.rapidapi.com/history?country=Brazil&day=2022-04-12
2022-04-22 10:39:08.132 [http-nio-8080-exec-8] INFO  ies.hw.hw1.http.Client - Cache used for url: https://covid-193.p.rapidapi.com/history?country=Brazil&day=2022-04-13
2022-04-22 10:39:08.132 [http-nio-8080-exec-8] INFO  ies.hw.hw1.http.Client - Cache used for url: https://covid-193.p.rapidapi.com/history?country=Brazil&day=2022-04-14
2022-04-22 10:39:08.132 [http-nio-8080-exec-8] INFO  ies.hw.hw1.http.Client - Cache used for url: https://covid-193.p.rapidapi.com/history?country=Brazil&day=2022-04-15
2022-04-22 10:39:08.132 [http-nio-8080-exec-8] INFO  ies.hw.hw1.http.Client - Cache used for url: https://covid-193.p.rapidapi.com/history?country=Brazil&day=2022-04-16
2022-04-22 10:39:08.132 [http-nio-8080-exec-8] INFO  ies.hw.hw1.http.Client - Cache used for url: https://covid-193.p.rapidapi.com/history?country=Brazil&day=2022-04-17
2022-04-22 10:39:08.132 [http-nio-8080-exec-8] INFO  ies.hw.hw1.http.Client - Cache used for url: https://covid-193.p.rapidapi.com/history?country=Brazil&day=2022-04-18
2022-04-22 10:39:14.337 [http-nio-8080-exec-3] INFO  ies.hw.hw1.controller.CovidController - API 1 - Getting all countries
2022-04-22 10:39:14.338 [http-nio-8080-exec-3] INFO  ies.hw.hw1.http.Client - Cache used for url: https://covid-193.p.rapidapi.com/countries
2022-04-22 10:39:15.217 [http-nio-8080-exec-5] INFO  ies.hw.hw1.controller.CovidController - API 1 - Getting Country Argentina for day: 2022-04-22 until 2022-04-22
2022-04-22 10:39:15.217 [http-nio-8080-exec-5] INFO  ies.hw.hw1.http.Client - Cache used for url: https://covid-193.p.rapidapi.com/history?country=Argentina&day=2022-04-22
2022-04-22 10:39:15.906 [http-nio-8080-exec-7] INFO  ies.hw.hw1.controller.CovidController - API 1 - Getting Country Argentina for day: 2022-04-12 until 2022-04-22
2022-04-22 10:39:15.906 [http-nio-8080-exec-7] INFO  ies.hw.hw1.http.Client - Cache used for url: https://covid-193.p.rapidapi.com/history?country=Argentina&day=2022-04-12
2022-04-22 10:39:15.907 [http-nio-8080-exec-7] INFO  ies.hw.hw1.http.Client - Cache used for url: https://covid-193.p.rapidapi.com/history?country=Argentina&day=2022-04-13
2022-04-22 10:39:15.907 [http-nio-8080-exec-7] INFO  ies.hw.hw1.http.Client - Cache used for url: https://covid-193.p.rapidapi.com/history?country=Argentina&day=2022-04-14
2022-04-22 10:39:15.907 [http-nio-8080-exec-7] INFO  ies.hw.hw1.http.Client - Cache used for url: https://covid-193.p.rapidapi.com/history?country=Argentina&day=2022-04-15
2022-04-22 10:39:15.907 [http-nio-8080-exec-7] INFO  ies.hw.hw1.http.Client - Cache used for url: https://covid-193.p.rapidapi.com/history?country=Argentina&day=2022-04-16
2022-04-22 10:39:15.907 [http-nio-8080-exec-7] INFO  ies.hw.hw1.http.Client - Cache used for url: https://covid-193.p.rapidapi.com/history?country=Argentina&day=2022-04-17
2022-04-22 10:39:15.907 [http-nio-8080-exec-7] INFO  ies.hw.hw1.http.Client - Cache used for url: https://covid-193.p.rapidapi.com/history?country=Argentina&day=2022-04-18
2022-04-22 10:39:15.908 [http-nio-8080-exec-7] INFO  ies.hw.hw1.http.Client - Cache used for url: https://covid-193.p.rapidapi.com/history?country=Argentina&day=2022-04-19
2022-04-22 10:39:15.909 [http-nio-8080-exec-7] INFO  ies.hw.hw1.http.Client - Cache used for url: https://covid-193.p.rapidapi.com/history?country=Argentina&day=2022-04-20
2022-04-22 10:39:15.909 [http-nio-8080-exec-7] INFO  ies.hw.hw1.http.Client - Cache used for url: https://covid-193.p.rapidapi.com/history?country=Argentina&day=2022-04-21
2022-04-22 10:39:15.909 [http-nio-8080-exec-7] INFO  ies.hw.hw1.http.Client - Cache used for url: https://covid-193.p.rapidapi.com/history?country=Argentina&day=2022-04-22
2022-04-22 10:39:16.772 [http-nio-8080-exec-2] INFO  ies.hw.hw1.controller.CovidController - API 1 - Getting Country Argentina for day: 2022-04-12 until 2022-04-18
2022-04-22 10:39:16.772 [http-nio-8080-exec-2] INFO  ies.hw.hw1.http.Client - Cache used for url: https://covid-193.p.rapidapi.com/history?country=Argentina&day=2022-04-12
2022-04-22 10:39:16.773 [http-nio-8080-exec-2] INFO  ies.hw.hw1.http.Client - Cache used for url: https://covid-193.p.rapidapi.com/history?country=Argentina&day=2022-04-13
2022-04-22 10:39:16.773 [http-nio-8080-exec-2] INFO  ies.hw.hw1.http.Client - Cache used for url: https://covid-193.p.rapidapi.com/history?country=Argentina&day=2022-04-14
2022-04-22 10:39:16.773 [http-nio-8080-exec-2] INFO  ies.hw.hw1.http.Client - Cache used for url: https://covid-193.p.rapidapi.com/history?country=Argentina&day=2022-04-15
2022-04-22 10:39:16.773 [http-nio-8080-exec-2] INFO  ies.hw.hw1.http.Client - Cache used for url: https://covid-193.p.rapidapi.com/history?country=Argentina&day=2022-04-16
2022-04-22 10:39:16.773 [http-nio-8080-exec-2] INFO  ies.hw.hw1.http.Client - Cache used for url: https://covid-193.p.rapidapi.com/history?country=Argentina&day=2022-04-17
2022-04-22 10:39:16.773 [http-nio-8080-exec-2] INFO  ies.hw.hw1.http.Client - Cache used for url: https://covid-193.p.rapidapi.com/history?country=Argentina&day=2022-04-18
2022-04-22 10:39:23.108 [http-nio-8080-exec-1] INFO  ies.hw.hw1.controller.CovidController - API 1 - Getting all countries
2022-04-22 10:39:23.109 [http-nio-8080-exec-1] INFO  ies.hw.hw1.http.Client - Cache used for url: https://covid-193.p.rapidapi.com/countries
2022-04-22 10:39:23.537 [http-nio-8080-exec-4] INFO  ies.hw.hw1.controller.CovidController - API 2 - Getting all countries
2022-04-22 10:39:23.537 [http-nio-8080-exec-4] INFO  ies.hw.hw1.http.Client - Cache used for url: https://covid-19-statistics.p.rapidapi.com/regions
2022-04-22 10:39:24.323 [http-nio-8080-exec-6] INFO  ies.hw.hw1.controller.CovidController - API 2 - Getting Country Brazil for day: 2022-04-22 until 2022-04-22
2022-04-22 10:39:24.323 [http-nio-8080-exec-6] INFO  ies.hw.hw1.http.Client - Cache used for url: https://covid-19-statistics.p.rapidapi.com/reports?region_name=Brazil&date=2022-04-22
2022-04-22 10:39:25.001 [http-nio-8080-exec-10] INFO  ies.hw.hw1.controller.CovidController - API 2 - Getting Country Brazil for day: 2022-04-12 until 2022-04-22
2022-04-22 10:39:25.002 [http-nio-8080-exec-10] INFO  ies.hw.hw1.http.Client - Cache used for url: https://covid-19-statistics.p.rapidapi.com/reports?region_name=Brazil&date=2022-04-12
2022-04-22 10:39:25.002 [http-nio-8080-exec-10] INFO  ies.hw.hw1.http.Client - Cache used for url: https://covid-19-statistics.p.rapidapi.com/reports?region_name=Brazil&date=2022-04-13
2022-04-22 10:39:25.002 [http-nio-8080-exec-10] INFO  ies.hw.hw1.http.Client - Cache used for url: https://covid-19-statistics.p.rapidapi.com/reports?region_name=Brazil&date=2022-04-14
2022-04-22 10:39:25.003 [http-nio-8080-exec-10] INFO  ies.hw.hw1.http.Client - Cache used for url: https://covid-19-statistics.p.rapidapi.com/reports?region_name=Brazil&date=2022-04-15
2022-04-22 10:39:25.003 [http-nio-8080-exec-10] INFO  ies.hw.hw1.http.Client - Cache used for url: https://covid-19-statistics.p.rapidapi.com/reports?region_name=Brazil&date=2022-04-16
2022-04-22 10:39:25.004 [http-nio-8080-exec-10] INFO  ies.hw.hw1.http.Client - Cache used for url: https://covid-19-statistics.p.rapidapi.com/reports?region_name=Brazil&date=2022-04-17
2022-04-22 10:39:25.004 [http-nio-8080-exec-10] INFO  ies.hw.hw1.http.Client - Cache used for url: https://covid-19-statistics.p.rapidapi.com/reports?region_name=Brazil&date=2022-04-18
2022-04-22 10:38:58.150 [main] INFO  ies.hw.hw1.controller.CovidController - API 1 - Getting Country by name: not_existent
2022-04-22 10:38:58.266 [main] INFO  ies.hw.hw1.controller.CovidController - API 2 - Getting Country by name: not_existent
2022-04-22 10:38:58.280 [main] INFO  ies.hw.hw1.controller.CovidController - API 1 - Getting Country brazil for day: 2021-09-30 until 2021-10-01
2022-04-22 10:38:58.337 [main] INFO  ies.hw.hw1.controller.CovidController - API 2 - Getting Country brazil for day: 2021-09-30 until 2021-10-01
2022-04-22 10:38:58.365 [main] INFO  ies.hw.hw1.controller.CovidController - API 1 - Getting all countries
2022-04-22 10:38:58.388 [main] INFO  ies.hw.hw1.controller.CovidController - API 2 - Getting all countries
2022-04-22 10:38:58.401 [main] INFO  ies.hw.hw1.controller.CovidController - API 1 - Getting Country by name: brazil
2022-04-22 10:38:58.416 [main] INFO  ies.hw.hw1.controller.CovidController - API 2 - Getting Country by name: brazil
2022-04-22 10:38:58.430 [main] INFO  ies.hw.hw1.controller.CovidController - API 1 - Returning cache info: 
2022-04-22 10:38:58.447 [main] INFO  ies.hw.hw1.controller.CovidController - API 2 - Returning cache info: 
2022-04-22 10:38:58.469 [Thread-2] INFO  ies.hw.hw1.http.WeakConcurrentHashMap - Initiating Cleaner Thread...
2022-04-22 10:38:58.523 [Thread-3] INFO  ies.hw.hw1.http.WeakConcurrentHashMap - Initiating Cleaner Thread...
2022-04-22 10:38:58.525 [Thread-4] INFO  ies.hw.hw1.http.WeakConcurrentHashMap - Initiating Cleaner Thread...
2022-04-22 10:38:58.535 [Thread-5] INFO  ies.hw.hw1.http.WeakConcurrentHashMap - Initiating Cleaner Thread...
2022-04-22 10:38:58.554 [Thread-6] INFO  ies.hw.hw1.http.WeakConcurrentHashMap - Initiating Cleaner Thread...
2022-04-22 10:38:58.579 [Thread-7] INFO  ies.hw.hw1.http.WeakConcurrentHashMap - Initiating Cleaner Thread...
2022-04-22 10:38:58.593 [Thread-8] INFO  ies.hw.hw1.http.WeakConcurrentHashMap - Initiating Cleaner Thread...
2022-04-22 10:38:58.607 [Thread-9] INFO  ies.hw.hw1.http.WeakConcurrentHashMap - Initiating Cleaner Thread...
2022-04-22 10:38:58.610 [Thread-10] INFO  ies.hw.hw1.http.WeakConcurrentHashMap - Initiating Cleaner Thread...
2022-04-22 10:38:58.613 [Thread-11] INFO  ies.hw.hw1.http.WeakConcurrentHashMap - Initiating Cleaner Thread...
2022-04-22 10:38:58.624 [Thread-12] INFO  ies.hw.hw1.http.WeakConcurrentHashMap - Initiating Cleaner Thread...
2022-04-22 10:38:58.635 [Thread-13] INFO  ies.hw.hw1.http.WeakConcurrentHashMap - Initiating Cleaner Thread...
2022-04-22 10:38:58.637 [main] INFO  ies.hw.hw1.http.WeakConcurrentHashMap - Inserting : teste ttl : on Cache
2022-04-22 10:39:00.136 [Thread-13] INFO  ies.hw.hw1.http.WeakConcurrentHashMap - Removing : teste ttl : from Cache
2022-04-22 10:39:00.203 [Thread-14] INFO  ies.hw.hw1.http.WeakConcurrentHashMap - Initiating Cleaner Thread...
2022-04-22 10:39:00.205 [main] INFO  ies.hw.hw1.http.WeakConcurrentHashMap - Inserting : teste stats : on Cache
2022-04-22 10:39:00.208 [Thread-15] INFO  ies.hw.hw1.http.WeakConcurrentHashMap - Initiating Cleaner Thread...
2022-04-22 10:39:00.210 [Thread-16] INFO  ies.hw.hw1.http.WeakConcurrentHashMap - Initiating Cleaner Thread...
2022-04-22 10:39:00.210 [main] INFO  ies.hw.hw1.http.WeakConcurrentHashMap - Inserting : teste insertion 1 : on Cache
2022-04-22 10:39:00.211 [main] INFO  ies.hw.hw1.http.WeakConcurrentHashMap - Inserting : teste insertion 2 : on Cache
2022-04-22 10:39:01.211 [Thread-16] INFO  ies.hw.hw1.http.WeakConcurrentHashMap - Removing : teste insertion 1 : from Cache
2022-04-22 10:39:01.704 [Thread-14] INFO  ies.hw.hw1.http.WeakConcurrentHashMap - Removing : teste stats : from Cache
2022-04-22 10:39:01.711 [Thread-16] INFO  ies.hw.hw1.http.WeakConcurrentHashMap - Removing : teste insertion 2 : from Cache
2022-04-22 10:39:25.005 [http-nio-8080-exec-10] INFO  ies.hw.hw1.http.Client - Cache used for url: https://covid-19-statistics.p.rapidapi.com/reports?region_name=Brazil&date=2022-04-19
2022-04-22 10:39:25.005 [http-nio-8080-exec-10] INFO  ies.hw.hw1.http.Client - Cache used for url: https://covid-19-statistics.p.rapidapi.com/reports?region_name=Brazil&date=2022-04-20
2022-04-22 10:39:25.006 [http-nio-8080-exec-10] INFO  ies.hw.hw1.http.Client - Cache used for url: https://covid-19-statistics.p.rapidapi.com/reports?region_name=Brazil&date=2022-04-21
2022-04-22 10:39:25.006 [http-nio-8080-exec-10] INFO  ies.hw.hw1.http.Client - Cache used for url: https://covid-19-statistics.p.rapidapi.com/reports?region_name=Brazil&date=2022-04-22
2022-04-22 10:39:25.888 [http-nio-8080-exec-8] INFO  ies.hw.hw1.controller.CovidController - API 2 - Getting Country Brazil for day: 2022-04-12 until 2022-04-18
2022-04-22 10:39:25.888 [http-nio-8080-exec-8] INFO  ies.hw.hw1.http.Client - Cache used for url: https://covid-19-statistics.p.rapidapi.com/reports?region_name=Brazil&date=2022-04-12
2022-04-22 10:39:25.888 [http-nio-8080-exec-8] INFO  ies.hw.hw1.http.Client - Cache used for url: https://covid-19-statistics.p.rapidapi.com/reports?region_name=Brazil&date=2022-04-13
2022-04-22 10:39:25.888 [http-nio-8080-exec-8] INFO  ies.hw.hw1.http.Client - Cache used for url: https://covid-19-statistics.p.rapidapi.com/reports?region_name=Brazil&date=2022-04-14
2022-04-22 10:39:25.888 [http-nio-8080-exec-8] INFO  ies.hw.hw1.http.Client - Cache used for url: https://covid-19-statistics.p.rapidapi.com/reports?region_name=Brazil&date=2022-04-15
2022-04-22 10:39:25.888 [http-nio-8080-exec-8] INFO  ies.hw.hw1.http.Client - Cache used for url: https://covid-19-statistics.p.rapidapi.com/reports?region_name=Brazil&date=2022-04-16
2022-04-22 10:39:25.889 [http-nio-8080-exec-8] INFO  ies.hw.hw1.http.Client - Cache used for url: https://covid-19-statistics.p.rapidapi.com/reports?region_name=Brazil&date=2022-04-17
2022-04-22 10:39:25.889 [http-nio-8080-exec-8] INFO  ies.hw.hw1.http.Client - Cache used for url: https://covid-19-statistics.p.rapidapi.com/reports?region_name=Brazil&date=2022-04-18
2022-04-22 10:40:42.997 [http-nio-8080-exec-3] INFO  ies.hw.hw1.controller.CovidController - API 1 - Getting Country Angola for day: 2022-04-22 until 2022-04-22
2022-04-22 10:40:43.378 [http-nio-8080-exec-3] INFO  ies.hw.hw1.http.WeakConcurrentHashMap - Inserting : https://covid-193.p.rapidapi.com/history?country=Angola&day=2022-04-22 : on Cache
2022-04-22 10:41:49.672 [http-nio-8080-exec-6] INFO  ies.hw.hw1.controller.CovidController - API 1 - Getting Country Angola for day: 2022-04-21 until 2022-04-22
2022-04-22 10:41:51.035 [http-nio-8080-exec-6] INFO  ies.hw.hw1.http.WeakConcurrentHashMap - Inserting : https://covid-193.p.rapidapi.com/history?country=Angola&day=2022-04-21 : on Cache
2022-04-22 10:41:51.035 [http-nio-8080-exec-6] INFO  ies.hw.hw1.http.Client - Cache used for url: https://covid-193.p.rapidapi.com/history?country=Angola&day=2022-04-22
2022-04-22 10:45:39.939 [Thread-1] INFO  ies.hw.hw1.http.WeakConcurrentHashMap - Removing : https://covid-193.p.rapidapi.com/history?country=Brazil&day=2022-04-20 : from Cache
2022-04-22 10:45:39.939 [Thread-2] INFO  ies.hw.hw1.http.WeakConcurrentHashMap - Removing : https://covid-19-statistics.p.rapidapi.com/reports?region_name=Brazil&date=2022-04-20 : from Cache
2022-04-22 10:45:39.941 [Thread-1] INFO  ies.hw.hw1.http.WeakConcurrentHashMap - Removing : https://covid-193.p.rapidapi.com/countries : from Cache
2022-04-22 10:45:39.941 [Thread-1] INFO  ies.hw.hw1.http.WeakConcurrentHashMap - Removing : https://covid-193.p.rapidapi.com/history?country=Brazil&day=2022-04-21 : from Cache
2022-04-22 10:45:39.941 [Thread-1] INFO  ies.hw.hw1.http.WeakConcurrentHashMap - Removing : https://covid-193.p.rapidapi.com/history?country=Brazil&day=2022-04-22 : from Cache
2022-04-22 10:45:39.941 [Thread-2] INFO  ies.hw.hw1.http.WeakConcurrentHashMap - Removing : https://covid-19-statistics.p.rapidapi.com/reports?region_name=Brazil&date=2022-04-21 : from Cache
2022-04-22 10:45:39.941 [Thread-1] INFO  ies.hw.hw1.http.WeakConcurrentHashMap - Removing : https://covid-193.p.rapidapi.com/history?country=Brazil&day=2022-04-16 : from Cache
2022-04-22 10:45:39.941 [Thread-2] INFO  ies.hw.hw1.http.WeakConcurrentHashMap - Removing : https://covid-19-statistics.p.rapidapi.com/reports?region_name=Brazil&date=2022-04-22 : from Cache
2022-04-22 10:45:39.941 [Thread-1] INFO  ies.hw.hw1.http.WeakConcurrentHashMap - Removing : https://covid-193.p.rapidapi.com/history?country=Argentina&day=2022-04-16 : from Cache
2022-04-22 10:45:39.942 [Thread-2] INFO  ies.hw.hw1.http.WeakConcurrentHashMap - Removing : https://covid-19-statistics.p.rapidapi.com/reports?region_name=Brazil&date=2022-04-12 : from Cache
2022-04-22 10:45:39.942 [Thread-1] INFO  ies.hw.hw1.http.WeakConcurrentHashMap - Removing : https://covid-193.p.rapidapi.com/history?country=Brazil&day=2022-04-17 : from Cache
2022-04-22 10:45:39.942 [Thread-1] INFO  ies.hw.hw1.http.WeakConcurrentHashMap - Removing : https://covid-193.p.rapidapi.com/history?country=Argentina&day=2022-04-15 : from Cache
2022-04-22 10:45:39.942 [Thread-1] INFO  ies.hw.hw1.http.WeakConcurrentHashMap - Removing : https://covid-193.p.rapidapi.com/history?country=Brazil&day=2022-04-14 : from Cache
2022-04-22 10:45:39.942 [Thread-1] INFO  ies.hw.hw1.http.WeakConcurrentHashMap - Removing : https://covid-193.p.rapidapi.com/history?country=Argentina&day=2022-04-14 : from Cache
2022-04-22 10:45:39.942 [Thread-1] INFO  ies.hw.hw1.http.WeakConcurrentHashMap - Removing : https://covid-193.p.rapidapi.com/history?country=Brazil&day=2022-04-15 : from Cache
2022-04-22 10:45:39.942 [Thread-2] INFO  ies.hw.hw1.http.WeakConcurrentHashMap - Removing : https://covid-19-statistics.p.rapidapi.com/reports?region_name=Brazil&date=2022-04-13 : from Cache
2022-04-22 10:45:39.942 [Thread-1] INFO  ies.hw.hw1.http.WeakConcurrentHashMap - Removing : https://covid-193.p.rapidapi.com/history?country=Argentina&day=2022-04-13 : from Cache
2022-04-22 10:45:39.942 [Thread-2] INFO  ies.hw.hw1.http.WeakConcurrentHashMap - Removing : https://covid-19-statistics.p.rapidapi.com/reports?region_name=Brazil&date=2022-04-14 : from Cache
2022-04-22 10:45:39.942 [Thread-1] INFO  ies.hw.hw1.http.WeakConcurrentHashMap - Removing : https://covid-193.p.rapidapi.com/history?country=Argentina&day=2022-04-12 : from Cache
2022-04-22 10:45:39.943 [Thread-1] INFO  ies.hw.hw1.http.WeakConcurrentHashMap - Removing : https://covid-193.p.rapidapi.com/history?country=Brazil&day=2022-04-18 : from Cache
2022-04-22 10:45:39.943 [Thread-2] INFO  ies.hw.hw1.http.WeakConcurrentHashMap - Removing : https://covid-19-statistics.p.rapidapi.com/reports?region_name=Brazil&date=2022-04-15 : from Cache
2022-04-22 10:45:39.943 [Thread-1] INFO  ies.hw.hw1.http.WeakConcurrentHashMap - Removing : https://covid-193.p.rapidapi.com/history?country=Brazil&day=2022-04-19 : from Cache
2022-04-22 10:45:39.943 [Thread-2] INFO  ies.hw.hw1.http.WeakConcurrentHashMap - Removing : https://covid-19-statistics.p.rapidapi.com/reports?region_name=Brazil&date=2022-04-16 : from Cache
2022-04-22 10:45:39.943 [Thread-1] INFO  ies.hw.hw1.http.WeakConcurrentHashMap - Removing : https://covid-193.p.rapidapi.com/history?country=Argentina&day=2022-04-19 : from Cache
2022-04-22 10:45:39.943 [Thread-1] INFO  ies.hw.hw1.http.WeakConcurrentHashMap - Removing : https://covid-193.p.rapidapi.com/history?country=Argentina&day=2022-04-18 : from Cache
2022-04-22 10:45:39.943 [Thread-2] INFO  ies.hw.hw1.http.WeakConcurrentHashMap - Removing : https://covid-19-statistics.p.rapidapi.com/reports?region_name=Brazil&date=2022-04-17 : from Cache
2022-04-22 10:45:39.943 [Thread-2] INFO  ies.hw.hw1.http.WeakConcurrentHashMap - Removing : https://covid-19-statistics.p.rapidapi.com/regions : from Cache
2022-04-22 10:45:39.943 [Thread-1] INFO  ies.hw.hw1.http.WeakConcurrentHashMap - Removing : https://covid-193.p.rapidapi.com/history?country=Argentina&day=2022-04-17 : from Cache
2022-04-22 10:47:03.303 [Thread-0] INFO  ies.hw.hw1.http.WeakConcurrentHashMap - Initiating Cleaner Thread...
2022-04-22 10:48:55.481 [Thread-0] INFO  ies.hw.hw1.http.WeakConcurrentHashMap - Initiating Cleaner Thread...
2022-04-22 10:49:13.790 [Thread-0] INFO  ies.hw.hw1.http.WeakConcurrentHashMap - Initiating Cleaner Thread...
2022-04-22 10:49:26.764 [Thread-0] INFO  ies.hw.hw1.http.WeakConcurrentHashMap - Initiating Cleaner Thread...
2022-04-22 10:45:39.943 [Thread-1] INFO  ies.hw.hw1.http.WeakConcurrentHashMap - Removing : https://covid-193.p.rapidapi.com/history?country=Brazil&day=2022-04-12 : from Cache
2022-04-22 10:45:39.943 [Thread-2] INFO  ies.hw.hw1.http.WeakConcurrentHashMap - Removing : https://covid-19-statistics.p.rapidapi.com/reports?region_name=Brazil&date=2022-04-18 : from Cache
2022-04-22 10:45:39.944 [Thread-2] INFO  ies.hw.hw1.http.WeakConcurrentHashMap - Removing : https://covid-19-statistics.p.rapidapi.com/reports?region_name=Brazil&date=2022-04-19 : from Cache
2022-04-22 10:45:39.944 [Thread-1] INFO  ies.hw.hw1.http.WeakConcurrentHashMap - Removing : https://covid-193.p.rapidapi.com/history?country=Brazil&day=2022-04-13 : from Cache
2022-04-22 10:45:39.944 [Thread-1] INFO  ies.hw.hw1.http.WeakConcurrentHashMap - Removing : https://covid-193.p.rapidapi.com/history?country=Argentina&day=2022-04-22 : from Cache
2022-04-22 10:45:39.944 [Thread-1] INFO  ies.hw.hw1.http.WeakConcurrentHashMap - Removing : https://covid-193.p.rapidapi.com/history?country=Argentina&day=2022-04-21 : from Cache
2022-04-22 10:45:39.944 [Thread-1] INFO  ies.hw.hw1.http.WeakConcurrentHashMap - Removing : https://covid-193.p.rapidapi.com/history?country=Argentina&day=2022-04-20 : from Cache
2022-04-22 10:50:14.836 [http-nio-8080-exec-2] INFO  ies.hw.hw1.controller.CovidController - API 1 - Getting all countries
2022-04-22 10:50:15.446 [http-nio-8080-exec-2] INFO  ies.hw.hw1.http.WeakConcurrentHashMap - Inserting : https://covid-193.p.rapidapi.com/countries : on Cache
2022-04-22 10:50:16.219 [http-nio-8080-exec-9] INFO  ies.hw.hw1.controller.CovidController - API 1 - Getting Country Brazil for day: 2022-04-22 until 2022-04-22
2022-04-22 10:50:16.537 [http-nio-8080-exec-9] INFO  ies.hw.hw1.http.WeakConcurrentHashMap - Inserting : https://covid-193.p.rapidapi.com/history?country=Brazil&day=2022-04-22 : on Cache
2022-04-22 10:50:17.005 [http-nio-8080-exec-3] INFO  ies.hw.hw1.controller.CovidController - API 1 - Getting Country Brazil for day: 2022-04-12 until 2022-04-22
2022-04-22 10:50:17.372 [http-nio-8080-exec-3] INFO  ies.hw.hw1.http.WeakConcurrentHashMap - Inserting : https://covid-193.p.rapidapi.com/history?country=Brazil&day=2022-04-12 : on Cache
2022-04-22 10:50:17.673 [http-nio-8080-exec-3] INFO  ies.hw.hw1.http.WeakConcurrentHashMap - Inserting : https://covid-193.p.rapidapi.com/history?country=Brazil&day=2022-04-13 : on Cache
2022-04-22 10:50:17.891 [http-nio-8080-exec-5] INFO  ies.hw.hw1.controller.CovidController - API 1 - Getting Country Brazil for day: 2022-04-12 until 2022-04-18
2022-04-22 10:50:17.891 [http-nio-8080-exec-5] INFO  ies.hw.hw1.http.Client - Cache used for url: https://covid-193.p.rapidapi.com/history?country=Brazil&day=2022-04-12
2022-04-22 10:50:17.891 [http-nio-8080-exec-5] INFO  ies.hw.hw1.http.Client - Cache used for url: https://covid-193.p.rapidapi.com/history?country=Brazil&day=2022-04-13
2022-04-22 10:50:17.980 [http-nio-8080-exec-3] INFO  ies.hw.hw1.http.WeakConcurrentHashMap - Inserting : https://covid-193.p.rapidapi.com/history?country=Brazil&day=2022-04-14 : on Cache
2022-04-22 10:50:18.211 [http-nio-8080-exec-5] INFO  ies.hw.hw1.http.WeakConcurrentHashMap - Inserting : https://covid-193.p.rapidapi.com/history?country=Brazil&day=2022-04-14 : on Cache
2022-04-22 10:50:18.294 [http-nio-8080-exec-3] INFO  ies.hw.hw1.http.WeakConcurrentHashMap - Inserting : https://covid-193.p.rapidapi.com/history?country=Brazil&day=2022-04-15 : on Cache
2022-04-22 10:50:18.507 [http-nio-8080-exec-5] INFO  ies.hw.hw1.http.WeakConcurrentHashMap - Inserting : https://covid-193.p.rapidapi.com/history?country=Brazil&day=2022-04-15 : on Cache
2022-04-22 10:50:18.597 [http-nio-8080-exec-3] INFO  ies.hw.hw1.http.WeakConcurrentHashMap - Inserting : https://covid-193.p.rapidapi.com/history?country=Brazil&day=2022-04-16 : on Cache
2022-04-22 10:50:18.926 [http-nio-8080-exec-3] INFO  ies.hw.hw1.http.WeakConcurrentHashMap - Inserting : https://covid-193.p.rapidapi.com/history?country=Brazil&day=2022-04-17 : on Cache
2022-04-22 10:50:19.016 [http-nio-8080-exec-5] INFO  ies.hw.hw1.http.WeakConcurrentHashMap - Inserting : https://covid-193.p.rapidapi.com/history?country=Brazil&day=2022-04-16 : on Cache
2022-04-22 10:50:19.016 [http-nio-8080-exec-5] INFO  ies.hw.hw1.http.Client - Cache used for url: https://covid-193.p.rapidapi.com/history?country=Brazil&day=2022-04-17
2022-04-22 10:50:19.222 [http-nio-8080-exec-3] INFO  ies.hw.hw1.http.WeakConcurrentHashMap - Inserting : https://covid-193.p.rapidapi.com/history?country=Brazil&day=2022-04-18 : on Cache
2022-04-22 10:50:19.299 [http-nio-8080-exec-5] INFO  ies.hw.hw1.http.WeakConcurrentHashMap - Inserting : https://covid-193.p.rapidapi.com/history?country=Brazil&day=2022-04-18 : on Cache
2022-04-22 10:50:19.522 [http-nio-8080-exec-3] INFO  ies.hw.hw1.http.WeakConcurrentHashMap - Inserting : https://covid-193.p.rapidapi.com/history?country=Brazil&day=2022-04-19 : on Cache
2022-04-22 10:50:19.825 [http-nio-8080-exec-3] INFO  ies.hw.hw1.http.WeakConcurrentHashMap - Inserting : https://covid-193.p.rapidapi.com/history?country=Brazil&day=2022-04-20 : on Cache
2022-04-22 10:50:20.427 [http-nio-8080-exec-3] INFO  ies.hw.hw1.http.WeakConcurrentHashMap - Inserting : https://covid-193.p.rapidapi.com/history?country=Brazil&day=2022-04-21 : on Cache
2022-04-22 10:50:20.428 [http-nio-8080-exec-3] INFO  ies.hw.hw1.http.Client - Cache used for url: https://covid-193.p.rapidapi.com/history?country=Brazil&day=2022-04-22
2022-04-22 10:50:23.422 [http-nio-8080-exec-10] INFO  ies.hw.hw1.controller.CovidController - API 1 - Getting all countries
2022-04-22 10:50:23.422 [http-nio-8080-exec-10] INFO  ies.hw.hw1.http.Client - Cache used for url: https://covid-193.p.rapidapi.com/countries
2022-04-22 10:50:24.345 [http-nio-8080-exec-8] INFO  ies.hw.hw1.controller.CovidController - API 1 - Getting Country Argentina for day: 2022-04-22 until 2022-04-22
2022-04-22 10:50:25.110 [http-nio-8080-exec-1] INFO  ies.hw.hw1.controller.CovidController - API 1 - Getting Country Argentina for day: 2022-04-12 until 2022-04-22
2022-04-22 10:50:25.125 [http-nio-8080-exec-8] INFO  ies.hw.hw1.http.WeakConcurrentHashMap - Inserting : https://covid-193.p.rapidapi.com/history?country=Argentina&day=2022-04-22 : on Cache
2022-04-22 10:50:25.489 [http-nio-8080-exec-1] INFO  ies.hw.hw1.http.WeakConcurrentHashMap - Inserting : https://covid-193.p.rapidapi.com/history?country=Argentina&day=2022-04-12 : on Cache
2022-04-22 10:50:25.789 [http-nio-8080-exec-1] INFO  ies.hw.hw1.http.WeakConcurrentHashMap - Inserting : https://covid-193.p.rapidapi.com/history?country=Argentina&day=2022-04-13 : on Cache
2022-04-22 10:50:25.955 [http-nio-8080-exec-5] INFO  ies.hw.hw1.controller.CovidController - API 1 - Getting Country Argentina for day: 2022-04-12 until 2022-04-18
2022-04-22 10:50:25.956 [http-nio-8080-exec-5] INFO  ies.hw.hw1.http.Client - Cache used for url: https://covid-193.p.rapidapi.com/history?country=Argentina&day=2022-04-12
2022-04-22 10:50:25.956 [http-nio-8080-exec-5] INFO  ies.hw.hw1.http.Client - Cache used for url: https://covid-193.p.rapidapi.com/history?country=Argentina&day=2022-04-13
2022-04-22 10:50:26.146 [http-nio-8080-exec-1] INFO  ies.hw.hw1.http.WeakConcurrentHashMap - Inserting : https://covid-193.p.rapidapi.com/history?country=Argentina&day=2022-04-14 : on Cache
2022-04-22 10:50:26.275 [http-nio-8080-exec-5] INFO  ies.hw.hw1.http.WeakConcurrentHashMap - Inserting : https://covid-193.p.rapidapi.com/history?country=Argentina&day=2022-04-14 : on Cache
2022-04-22 10:50:26.504 [http-nio-8080-exec-1] INFO  ies.hw.hw1.http.WeakConcurrentHashMap - Inserting : https://covid-193.p.rapidapi.com/history?country=Argentina&day=2022-04-15 : on Cache
2022-04-22 10:50:26.569 [http-nio-8080-exec-5] INFO  ies.hw.hw1.http.WeakConcurrentHashMap - Inserting : https://covid-193.p.rapidapi.com/history?country=Argentina&day=2022-04-15 : on Cache
2022-04-22 10:50:26.812 [http-nio-8080-exec-1] INFO  ies.hw.hw1.http.WeakConcurrentHashMap - Inserting : https://covid-193.p.rapidapi.com/history?country=Argentina&day=2022-04-16 : on Cache
2022-04-22 10:50:07.329 [main] INFO  ies.hw.hw1.controller.CovidController - API 1 - Getting Country by name: not_existent
2022-04-22 10:50:07.495 [main] INFO  ies.hw.hw1.controller.CovidController - API 2 - Getting Country by name: not_existent
2022-04-22 10:50:07.520 [main] INFO  ies.hw.hw1.controller.CovidController - API 1 - Getting Country brazil for day: 2021-09-30 until 2021-10-01
2022-04-22 10:50:07.621 [main] INFO  ies.hw.hw1.controller.CovidController - API 2 - Getting Country brazil for day: 2021-09-30 until 2021-10-01
2022-04-22 10:50:07.673 [main] INFO  ies.hw.hw1.controller.CovidController - API 1 - Getting all countries
2022-04-22 10:50:07.702 [main] INFO  ies.hw.hw1.controller.CovidController - API 2 - Getting all countries
2022-04-22 10:50:07.723 [main] INFO  ies.hw.hw1.controller.CovidController - API 1 - Getting Country by name: brazil
2022-04-22 10:50:07.742 [main] INFO  ies.hw.hw1.controller.CovidController - API 2 - Getting Country by name: brazil
2022-04-22 10:50:07.761 [main] INFO  ies.hw.hw1.controller.CovidController - API 1 - Returning cache info: 
2022-04-22 10:50:07.778 [main] INFO  ies.hw.hw1.controller.CovidController - API 2 - Returning cache info: 
2022-04-22 10:50:07.796 [Thread-2] INFO  ies.hw.hw1.http.WeakConcurrentHashMap - Initiating Cleaner Thread...
2022-04-22 10:50:07.890 [Thread-3] INFO  ies.hw.hw1.http.WeakConcurrentHashMap - Initiating Cleaner Thread...
2022-04-22 10:50:07.898 [Thread-4] INFO  ies.hw.hw1.http.WeakConcurrentHashMap - Initiating Cleaner Thread...
2022-04-22 10:50:07.900 [Thread-5] INFO  ies.hw.hw1.http.WeakConcurrentHashMap - Initiating Cleaner Thread...
2022-04-22 10:50:07.918 [Thread-6] INFO  ies.hw.hw1.http.WeakConcurrentHashMap - Initiating Cleaner Thread...
2022-04-22 10:50:07.928 [Thread-7] INFO  ies.hw.hw1.http.WeakConcurrentHashMap - Initiating Cleaner Thread...
2022-04-22 10:50:07.955 [Thread-8] INFO  ies.hw.hw1.http.WeakConcurrentHashMap - Initiating Cleaner Thread...
2022-04-22 10:50:07.968 [Thread-9] INFO  ies.hw.hw1.http.WeakConcurrentHashMap - Initiating Cleaner Thread...
2022-04-22 10:50:07.969 [Thread-10] INFO  ies.hw.hw1.http.WeakConcurrentHashMap - Initiating Cleaner Thread...
2022-04-22 10:50:07.973 [Thread-11] INFO  ies.hw.hw1.http.WeakConcurrentHashMap - Initiating Cleaner Thread...
2022-04-22 10:50:07.979 [Thread-12] INFO  ies.hw.hw1.http.WeakConcurrentHashMap - Initiating Cleaner Thread...
2022-04-22 10:50:07.997 [Thread-13] INFO  ies.hw.hw1.http.WeakConcurrentHashMap - Initiating Cleaner Thread...
2022-04-22 10:50:08.000 [main] INFO  ies.hw.hw1.http.WeakConcurrentHashMap - Inserting : teste ttl : on Cache
2022-04-22 10:50:08.002 [Thread-14] INFO  ies.hw.hw1.http.WeakConcurrentHashMap - Initiating Cleaner Thread...
2022-04-22 10:50:09.003 [Thread-14] INFO  ies.hw.hw1.http.WeakConcurrentHashMap - Removing : teste ttl : from Cache
2022-04-22 10:50:09.028 [Thread-15] INFO  ies.hw.hw1.http.WeakConcurrentHashMap - Initiating Cleaner Thread...
2022-04-22 10:50:09.031 [main] INFO  ies.hw.hw1.http.WeakConcurrentHashMap - Inserting : teste stats : on Cache
2022-04-22 10:50:09.033 [Thread-16] INFO  ies.hw.hw1.http.WeakConcurrentHashMap - Initiating Cleaner Thread...
2022-04-22 10:50:09.035 [Thread-17] INFO  ies.hw.hw1.http.WeakConcurrentHashMap - Initiating Cleaner Thread...
2022-04-22 10:50:09.036 [main] INFO  ies.hw.hw1.http.WeakConcurrentHashMap - Inserting : teste insertion 1 : on Cache
2022-04-22 10:50:09.036 [main] INFO  ies.hw.hw1.http.WeakConcurrentHashMap - Inserting : teste insertion 2 : on Cache
2022-04-22 10:50:10.036 [Thread-17] INFO  ies.hw.hw1.http.WeakConcurrentHashMap - Removing : teste insertion 1 : from Cache
2022-04-22 10:50:10.529 [Thread-15] INFO  ies.hw.hw1.http.WeakConcurrentHashMap - Removing : teste stats : from Cache
2022-04-22 10:50:10.537 [Thread-17] INFO  ies.hw.hw1.http.WeakConcurrentHashMap - Removing : teste insertion 2 : from Cache
2022-04-22 10:50:26.859 [http-nio-8080-exec-5] INFO  ies.hw.hw1.http.WeakConcurrentHashMap - Inserting : https://covid-193.p.rapidapi.com/history?country=Argentina&day=2022-04-16 : on Cache
2022-04-22 10:50:27.127 [http-nio-8080-exec-1] INFO  ies.hw.hw1.http.WeakConcurrentHashMap - Inserting : https://covid-193.p.rapidapi.com/history?country=Argentina&day=2022-04-17 : on Cache
2022-04-22 10:50:27.147 [http-nio-8080-exec-5] INFO  ies.hw.hw1.http.WeakConcurrentHashMap - Inserting : https://covid-193.p.rapidapi.com/history?country=Argentina&day=2022-04-17 : on Cache
2022-04-22 10:50:27.415 [http-nio-8080-exec-1] INFO  ies.hw.hw1.http.WeakConcurrentHashMap - Inserting : https://covid-193.p.rapidapi.com/history?country=Argentina&day=2022-04-18 : on Cache
2022-04-22 10:50:27.452 [http-nio-8080-exec-5] INFO  ies.hw.hw1.http.WeakConcurrentHashMap - Inserting : https://covid-193.p.rapidapi.com/history?country=Argentina&day=2022-04-18 : on Cache
2022-04-22 10:50:27.719 [http-nio-8080-exec-1] INFO  ies.hw.hw1.http.WeakConcurrentHashMap - Inserting : https://covid-193.p.rapidapi.com/history?country=Argentina&day=2022-04-19 : on Cache
2022-04-22 10:50:28.041 [http-nio-8080-exec-1] INFO  ies.hw.hw1.http.WeakConcurrentHashMap - Inserting : https://covid-193.p.rapidapi.com/history?country=Argentina&day=2022-04-20 : on Cache
2022-04-22 10:50:28.340 [http-nio-8080-exec-1] INFO  ies.hw.hw1.http.WeakConcurrentHashMap - Inserting : https://covid-193.p.rapidapi.com/history?country=Argentina&day=2022-04-21 : on Cache
2022-04-22 10:50:28.341 [http-nio-8080-exec-1] INFO  ies.hw.hw1.http.Client - Cache used for url: https://covid-193.p.rapidapi.com/history?country=Argentina&day=2022-04-22
2022-04-22 10:50:32.158 [http-nio-8080-exec-7] INFO  ies.hw.hw1.controller.CovidController - API 1 - Getting all countries
2022-04-22 10:50:32.158 [http-nio-8080-exec-7] INFO  ies.hw.hw1.http.Client - Cache used for url: https://covid-193.p.rapidapi.com/countries
2022-04-22 10:50:32.591 [http-nio-8080-exec-2] INFO  ies.hw.hw1.controller.CovidController - API 2 - Getting all countries
2022-04-22 10:50:33.194 [http-nio-8080-exec-2] INFO  ies.hw.hw1.http.WeakConcurrentHashMap - Inserting : https://covid-19-statistics.p.rapidapi.com/regions : on Cache
2022-04-22 10:50:33.882 [http-nio-8080-exec-8] INFO  ies.hw.hw1.controller.CovidController - API 2 - Getting Country Brazil for day: 2022-04-22 until 2022-04-22
2022-04-22 10:50:34.284 [http-nio-8080-exec-8] INFO  ies.hw.hw1.http.WeakConcurrentHashMap - Inserting : https://covid-19-statistics.p.rapidapi.com/reports?region_name=Brazil&date=2022-04-22 : on Cache
2022-04-22 10:50:34.700 [http-nio-8080-exec-5] INFO  ies.hw.hw1.controller.CovidController - API 2 - Getting Country Brazil for day: 2022-04-12 until 2022-04-22
2022-04-22 10:50:35.101 [http-nio-8080-exec-5] INFO  ies.hw.hw1.http.WeakConcurrentHashMap - Inserting : https://covid-19-statistics.p.rapidapi.com/reports?region_name=Brazil&date=2022-04-12 : on Cache
2022-04-22 10:50:35.525 [http-nio-8080-exec-5] INFO  ies.hw.hw1.http.WeakConcurrentHashMap - Inserting : https://covid-19-statistics.p.rapidapi.com/reports?region_name=Brazil&date=2022-04-13 : on Cache
2022-04-22 10:50:35.590 [http-nio-8080-exec-1] INFO  ies.hw.hw1.controller.CovidController - API 2 - Getting Country Brazil for day: 2022-04-12 until 2022-04-18
2022-04-22 10:50:35.590 [http-nio-8080-exec-1] INFO  ies.hw.hw1.http.Client - Cache used for url: https://covid-19-statistics.p.rapidapi.com/reports?region_name=Brazil&date=2022-04-12
2022-04-22 10:50:35.590 [http-nio-8080-exec-1] INFO  ies.hw.hw1.http.Client - Cache used for url: https://covid-19-statistics.p.rapidapi.com/reports?region_name=Brazil&date=2022-04-13
2022-04-22 10:50:36.012 [http-nio-8080-exec-5] INFO  ies.hw.hw1.http.WeakConcurrentHashMap - Inserting : https://covid-19-statistics.p.rapidapi.com/reports?region_name=Brazil&date=2022-04-14 : on Cache
2022-04-22 10:50:36.080 [http-nio-8080-exec-1] INFO  ies.hw.hw1.http.WeakConcurrentHashMap - Inserting : https://covid-19-statistics.p.rapidapi.com/reports?region_name=Brazil&date=2022-04-14 : on Cache
2022-04-22 10:50:36.511 [http-nio-8080-exec-5] INFO  ies.hw.hw1.http.WeakConcurrentHashMap - Inserting : https://covid-19-statistics.p.rapidapi.com/reports?region_name=Brazil&date=2022-04-15 : on Cache
2022-04-22 10:50:36.564 [http-nio-8080-exec-1] INFO  ies.hw.hw1.http.WeakConcurrentHashMap - Inserting : https://covid-19-statistics.p.rapidapi.com/reports?region_name=Brazil&date=2022-04-15 : on Cache
2022-04-22 10:50:37.015 [http-nio-8080-exec-5] INFO  ies.hw.hw1.http.WeakConcurrentHashMap - Inserting : https://covid-19-statistics.p.rapidapi.com/reports?region_name=Brazil&date=2022-04-16 : on Cache
2022-04-22 10:50:37.049 [http-nio-8080-exec-1] INFO  ies.hw.hw1.http.WeakConcurrentHashMap - Inserting : https://covid-19-statistics.p.rapidapi.com/reports?region_name=Brazil&date=2022-04-16 : on Cache
2022-04-22 10:50:37.641 [http-nio-8080-exec-5] INFO  ies.hw.hw1.http.WeakConcurrentHashMap - Inserting : https://covid-19-statistics.p.rapidapi.com/reports?region_name=Brazil&date=2022-04-17 : on Cache
2022-04-22 10:50:37.654 [http-nio-8080-exec-1] INFO  ies.hw.hw1.http.WeakConcurrentHashMap - Inserting : https://covid-19-statistics.p.rapidapi.com/reports?region_name=Brazil&date=2022-04-17 : on Cache
2022-04-22 10:50:38.178 [http-nio-8080-exec-5] INFO  ies.hw.hw1.http.WeakConcurrentHashMap - Inserting : https://covid-19-statistics.p.rapidapi.com/reports?region_name=Brazil&date=2022-04-18 : on Cache
2022-04-22 10:50:38.193 [http-nio-8080-exec-1] INFO  ies.hw.hw1.http.WeakConcurrentHashMap - Inserting : https://covid-19-statistics.p.rapidapi.com/reports?region_name=Brazil&date=2022-04-18 : on Cache
2022-04-22 10:50:38.655 [http-nio-8080-exec-5] INFO  ies.hw.hw1.http.WeakConcurrentHashMap - Inserting : https://covid-19-statistics.p.rapidapi.com/reports?region_name=Brazil&date=2022-04-19 : on Cache
2022-04-22 10:50:39.151 [http-nio-8080-exec-5] INFO  ies.hw.hw1.http.WeakConcurrentHashMap - Inserting : https://covid-19-statistics.p.rapidapi.com/reports?region_name=Brazil&date=2022-04-20 : on Cache
2022-04-22 10:50:39.606 [http-nio-8080-exec-5] INFO  ies.hw.hw1.http.WeakConcurrentHashMap - Inserting : https://covid-19-statistics.p.rapidapi.com/reports?region_name=Brazil&date=2022-04-21 : on Cache
2022-04-22 10:50:39.606 [http-nio-8080-exec-5] INFO  ies.hw.hw1.http.Client - Cache used for url: https://covid-19-statistics.p.rapidapi.com/reports?region_name=Brazil&date=2022-04-22
2022-04-22 11:02:19.944 [Thread-1] INFO  ies.hw.hw1.http.WeakConcurrentHashMap - Removing : https://covid-193.p.rapidapi.com/history?country=Angola&day=2022-04-21 : from Cache
2022-04-22 11:02:19.945 [Thread-1] INFO  ies.hw.hw1.http.WeakConcurrentHashMap - Removing : https://covid-193.p.rapidapi.com/history?country=Angola&day=2022-04-22 : from Cache
2022-04-22 11:03:17.801 [http-nio-8080-exec-7] INFO  ies.hw.hw1.controller.CovidController - API 1 - Getting all countries
2022-04-22 11:03:17.804 [http-nio-8080-exec-7] INFO  ies.hw.hw1.http.Client - Cache used for url: https://covid-193.p.rapidapi.com/countries
2022-04-22 11:03:18.944 [http-nio-8080-exec-9] INFO  ies.hw.hw1.controller.CovidController - API 1 - Getting Country Brazil for day: 2022-04-22 until 2022-04-22
2022-04-22 11:03:18.946 [http-nio-8080-exec-9] INFO  ies.hw.hw1.http.Client - Cache used for url: https://covid-193.p.rapidapi.com/history?country=Brazil&day=2022-04-22
2022-04-22 11:03:19.678 [http-nio-8080-exec-4] INFO  ies.hw.hw1.controller.CovidController - API 1 - Getting Country Brazil for day: 2022-04-12 until 2022-04-22
2022-04-22 11:03:19.679 [http-nio-8080-exec-4] INFO  ies.hw.hw1.http.Client - Cache used for url: https://covid-193.p.rapidapi.com/history?country=Brazil&day=2022-04-12
2022-04-22 11:03:19.679 [http-nio-8080-exec-4] INFO  ies.hw.hw1.http.Client - Cache used for url: https://covid-193.p.rapidapi.com/history?country=Brazil&day=2022-04-13
2022-04-22 11:03:19.679 [http-nio-8080-exec-4] INFO  ies.hw.hw1.http.Client - Cache used for url: https://covid-193.p.rapidapi.com/history?country=Brazil&day=2022-04-14
2022-04-22 11:03:19.679 [http-nio-8080-exec-4] INFO  ies.hw.hw1.http.Client - Cache used for url: https://covid-193.p.rapidapi.com/history?country=Brazil&day=2022-04-15
2022-04-22 11:03:19.681 [http-nio-8080-exec-4] INFO  ies.hw.hw1.http.Client - Cache used for url: https://covid-193.p.rapidapi.com/history?country=Brazil&day=2022-04-16
2022-04-22 11:03:19.681 [http-nio-8080-exec-4] INFO  ies.hw.hw1.http.Client - Cache used for url: https://covid-193.p.rapidapi.com/history?country=Brazil&day=2022-04-17
2022-04-22 11:03:19.681 [http-nio-8080-exec-4] INFO  ies.hw.hw1.http.Client - Cache used for url: https://covid-193.p.rapidapi.com/history?country=Brazil&day=2022-04-18
2022-04-22 11:03:19.681 [http-nio-8080-exec-4] INFO  ies.hw.hw1.http.Client - Cache used for url: https://covid-193.p.rapidapi.com/history?country=Brazil&day=2022-04-19
2022-04-22 11:03:19.681 [http-nio-8080-exec-4] INFO  ies.hw.hw1.http.Client - Cache used for url: https://covid-193.p.rapidapi.com/history?country=Brazil&day=2022-04-20
2022-04-22 11:03:19.681 [http-nio-8080-exec-4] INFO  ies.hw.hw1.http.Client - Cache used for url: https://covid-193.p.rapidapi.com/history?country=Brazil&day=2022-04-21
2022-04-22 11:03:19.681 [http-nio-8080-exec-4] INFO  ies.hw.hw1.http.Client - Cache used for url: https://covid-193.p.rapidapi.com/history?country=Brazil&day=2022-04-22
2022-04-22 11:03:20.603 [http-nio-8080-exec-1] INFO  ies.hw.hw1.controller.CovidController - API 1 - Getting Country Brazil for day: 2022-04-12 until 2022-04-18
2022-04-22 11:03:20.603 [http-nio-8080-exec-1] INFO  ies.hw.hw1.http.Client - Cache used for url: https://covid-193.p.rapidapi.com/history?country=Brazil&day=2022-04-12
2022-04-22 11:03:20.603 [http-nio-8080-exec-1] INFO  ies.hw.hw1.http.Client - Cache used for url: https://covid-193.p.rapidapi.com/history?country=Brazil&day=2022-04-13
2022-04-22 11:03:20.603 [http-nio-8080-exec-1] INFO  ies.hw.hw1.http.Client - Cache used for url: https://covid-193.p.rapidapi.com/history?country=Brazil&day=2022-04-14
2022-04-22 11:03:20.603 [http-nio-8080-exec-1] INFO  ies.hw.hw1.http.Client - Cache used for url: https://covid-193.p.rapidapi.com/history?country=Brazil&day=2022-04-15
2022-04-22 11:03:20.604 [http-nio-8080-exec-1] INFO  ies.hw.hw1.http.Client - Cache used for url: https://covid-193.p.rapidapi.com/history?country=Brazil&day=2022-04-16
2022-04-22 11:03:20.604 [http-nio-8080-exec-1] INFO  ies.hw.hw1.http.Client - Cache used for url: https://covid-193.p.rapidapi.com/history?country=Brazil&day=2022-04-17
2022-04-22 11:03:20.605 [http-nio-8080-exec-1] INFO  ies.hw.hw1.http.Client - Cache used for url: https://covid-193.p.rapidapi.com/history?country=Brazil&day=2022-04-18
2022-04-22 11:03:25.002 [http-nio-8080-exec-10] INFO  ies.hw.hw1.controller.CovidController - API 1 - Getting all countries
2022-04-22 11:03:25.003 [http-nio-8080-exec-10] INFO  ies.hw.hw1.http.Client - Cache used for url: https://covid-193.p.rapidapi.com/countries
2022-04-22 11:03:25.985 [http-nio-8080-exec-2] INFO  ies.hw.hw1.controller.CovidController - API 1 - Getting Country Argentina for day: 2022-04-22 until 2022-04-22
2022-04-22 11:03:25.986 [http-nio-8080-exec-2] INFO  ies.hw.hw1.http.Client - Cache used for url: https://covid-193.p.rapidapi.com/history?country=Argentina&day=2022-04-22
2022-04-22 11:03:26.972 [http-nio-8080-exec-8] INFO  ies.hw.hw1.controller.CovidController - API 1 - Getting Country Argentina for day: 2022-04-12 until 2022-04-22
2022-04-22 11:03:26.972 [http-nio-8080-exec-8] INFO  ies.hw.hw1.http.Client - Cache used for url: https://covid-193.p.rapidapi.com/history?country=Argentina&day=2022-04-12
2022-04-22 11:03:26.972 [http-nio-8080-exec-8] INFO  ies.hw.hw1.http.Client - Cache used for url: https://covid-193.p.rapidapi.com/history?country=Argentina&day=2022-04-13
2022-04-22 11:03:26.973 [http-nio-8080-exec-8] INFO  ies.hw.hw1.http.Client - Cache used for url: https://covid-193.p.rapidapi.com/history?country=Argentina&day=2022-04-14
2022-04-22 11:03:26.973 [http-nio-8080-exec-8] INFO  ies.hw.hw1.http.Client - Cache used for url: https://covid-193.p.rapidapi.com/history?country=Argentina&day=2022-04-15
2022-04-22 11:03:26.973 [http-nio-8080-exec-8] INFO  ies.hw.hw1.http.Client - Cache used for url: https://covid-193.p.rapidapi.com/history?country=Argentina&day=2022-04-16
2022-04-22 11:03:26.973 [http-nio-8080-exec-8] INFO  ies.hw.hw1.http.Client - Cache used for url: https://covid-193.p.rapidapi.com/history?country=Argentina&day=2022-04-17
2022-04-22 11:03:26.973 [http-nio-8080-exec-8] INFO  ies.hw.hw1.http.Client - Cache used for url: https://covid-193.p.rapidapi.com/history?country=Argentina&day=2022-04-18
2022-04-22 11:03:26.973 [http-nio-8080-exec-8] INFO  ies.hw.hw1.http.Client - Cache used for url: https://covid-193.p.rapidapi.com/history?country=Argentina&day=2022-04-19
2022-04-22 11:03:26.973 [http-nio-8080-exec-8] INFO  ies.hw.hw1.http.Client - Cache used for url: https://covid-193.p.rapidapi.com/history?country=Argentina&day=2022-04-20
2022-04-22 11:03:26.973 [http-nio-8080-exec-8] INFO  ies.hw.hw1.http.Client - Cache used for url: https://covid-193.p.rapidapi.com/history?country=Argentina&day=2022-04-21
2022-04-22 11:03:26.974 [http-nio-8080-exec-8] INFO  ies.hw.hw1.http.Client - Cache used for url: https://covid-193.p.rapidapi.com/history?country=Argentina&day=2022-04-22
2022-04-22 11:03:28.081 [http-nio-8080-exec-6] INFO  ies.hw.hw1.controller.CovidController - API 1 - Getting Country Argentina for day: 2022-04-12 until 2022-04-18
2022-04-22 11:03:28.082 [http-nio-8080-exec-6] INFO  ies.hw.hw1.http.Client - Cache used for url: https://covid-193.p.rapidapi.com/history?country=Argentina&day=2022-04-12
2022-04-22 11:03:28.082 [http-nio-8080-exec-6] INFO  ies.hw.hw1.http.Client - Cache used for url: https://covid-193.p.rapidapi.com/history?country=Argentina&day=2022-04-13
2022-04-22 11:03:28.082 [http-nio-8080-exec-6] INFO  ies.hw.hw1.http.Client - Cache used for url: https://covid-193.p.rapidapi.com/history?country=Argentina&day=2022-04-14
2022-04-22 11:03:28.082 [http-nio-8080-exec-6] INFO  ies.hw.hw1.http.Client - Cache used for url: https://covid-193.p.rapidapi.com/history?country=Argentina&day=2022-04-15
2022-04-22 11:03:28.082 [http-nio-8080-exec-6] INFO  ies.hw.hw1.http.Client - Cache used for url: https://covid-193.p.rapidapi.com/history?country=Argentina&day=2022-04-16
2022-04-22 11:03:28.082 [http-nio-8080-exec-6] INFO  ies.hw.hw1.http.Client - Cache used for url: https://covid-193.p.rapidapi.com/history?country=Argentina&day=2022-04-17
2022-04-22 11:03:28.082 [http-nio-8080-exec-6] INFO  ies.hw.hw1.http.Client - Cache used for url: https://covid-193.p.rapidapi.com/history?country=Argentina&day=2022-04-18
2022-04-22 11:03:32.851 [http-nio-8080-exec-5] INFO  ies.hw.hw1.controller.CovidController - API 1 - Getting all countries
2022-04-22 11:03:32.851 [http-nio-8080-exec-5] INFO  ies.hw.hw1.http.Client - Cache used for url: https://covid-193.p.rapidapi.com/countries
2022-04-22 11:03:33.314 [http-nio-8080-exec-7] INFO  ies.hw.hw1.controller.CovidController - API 2 - Getting all countries
2022-04-22 11:03:33.314 [http-nio-8080-exec-7] INFO  ies.hw.hw1.http.Client - Cache used for url: https://covid-19-statistics.p.rapidapi.com/regions
2022-04-22 11:03:34.214 [http-nio-8080-exec-9] INFO  ies.hw.hw1.controller.CovidController - API 2 - Getting Country Brazil for day: 2022-04-22 until 2022-04-22
2022-04-22 11:03:34.215 [http-nio-8080-exec-9] INFO  ies.hw.hw1.http.Client - Cache used for url: https://covid-19-statistics.p.rapidapi.com/reports?region_name=Brazil&date=2022-04-22
2022-04-22 11:03:35.033 [http-nio-8080-exec-4] INFO  ies.hw.hw1.controller.CovidController - API 2 - Getting Country Brazil for day: 2022-04-12 until 2022-04-22
2022-04-22 11:03:35.033 [http-nio-8080-exec-4] INFO  ies.hw.hw1.http.Client - Cache used for url: https://covid-19-statistics.p.rapidapi.com/reports?region_name=Brazil&date=2022-04-12
2022-04-22 11:03:35.034 [http-nio-8080-exec-4] INFO  ies.hw.hw1.http.Client - Cache used for url: https://covid-19-statistics.p.rapidapi.com/reports?region_name=Brazil&date=2022-04-13
2022-04-22 11:03:09.479 [main] INFO  ies.hw.hw1.controller.CovidController - API 1 - Getting Country by name: not_existent
2022-04-22 11:03:09.604 [main] INFO  ies.hw.hw1.controller.CovidController - API 2 - Getting Country by name: not_existent
2022-04-22 11:03:09.624 [main] INFO  ies.hw.hw1.controller.CovidController - API 1 - Getting Country brazil for day: 2021-09-30 until 2021-10-01
2022-04-22 11:03:09.703 [main] INFO  ies.hw.hw1.controller.CovidController - API 2 - Getting Country brazil for day: 2021-09-30 until 2021-10-01
2022-04-22 11:03:09.761 [main] INFO  ies.hw.hw1.controller.CovidController - API 1 - Getting all countries
2022-04-22 11:03:09.797 [main] INFO  ies.hw.hw1.controller.CovidController - API 2 - Getting all countries
2022-04-22 11:03:09.820 [main] INFO  ies.hw.hw1.controller.CovidController - API 1 - Getting Country by name: brazil
2022-04-22 11:03:09.840 [main] INFO  ies.hw.hw1.controller.CovidController - API 2 - Getting Country by name: brazil
2022-04-22 11:03:09.855 [main] INFO  ies.hw.hw1.controller.CovidController - API 1 - Returning cache info: 
2022-04-22 11:03:09.881 [main] INFO  ies.hw.hw1.controller.CovidController - API 2 - Returning cache info: 
2022-04-22 11:03:09.917 [Thread-2] INFO  ies.hw.hw1.http.WeakConcurrentHashMap - Initiating Cleaner Thread...
2022-04-22 11:03:09.957 [Thread-3] INFO  ies.hw.hw1.http.WeakConcurrentHashMap - Initiating Cleaner Thread...
2022-04-22 11:03:09.987 [Thread-4] INFO  ies.hw.hw1.http.WeakConcurrentHashMap - Initiating Cleaner Thread...
2022-04-22 11:03:09.999 [Thread-5] INFO  ies.hw.hw1.http.WeakConcurrentHashMap - Initiating Cleaner Thread...
2022-04-22 11:03:10.008 [Thread-6] INFO  ies.hw.hw1.http.WeakConcurrentHashMap - Initiating Cleaner Thread...
2022-04-22 11:03:10.034 [Thread-7] INFO  ies.hw.hw1.http.WeakConcurrentHashMap - Initiating Cleaner Thread...
2022-04-22 11:03:10.053 [Thread-8] INFO  ies.hw.hw1.http.WeakConcurrentHashMap - Initiating Cleaner Thread...
2022-04-22 11:03:10.064 [Thread-9] INFO  ies.hw.hw1.http.WeakConcurrentHashMap - Initiating Cleaner Thread...
2022-04-22 11:03:10.066 [Thread-10] INFO  ies.hw.hw1.http.WeakConcurrentHashMap - Initiating Cleaner Thread...
2022-04-22 11:03:10.071 [Thread-11] INFO  ies.hw.hw1.http.WeakConcurrentHashMap - Initiating Cleaner Thread...
2022-04-22 11:03:10.076 [Thread-12] INFO  ies.hw.hw1.http.WeakConcurrentHashMap - Initiating Cleaner Thread...
2022-04-22 11:03:10.090 [Thread-13] INFO  ies.hw.hw1.http.WeakConcurrentHashMap - Initiating Cleaner Thread...
2022-04-22 11:03:10.094 [Thread-14] INFO  ies.hw.hw1.http.WeakConcurrentHashMap - Initiating Cleaner Thread...
2022-04-22 11:03:10.095 [main] INFO  ies.hw.hw1.http.WeakConcurrentHashMap - Inserting : teste ttl : on Cache
2022-04-22 11:03:11.595 [Thread-14] INFO  ies.hw.hw1.http.WeakConcurrentHashMap - Removing : teste ttl : from Cache
2022-04-22 11:03:11.651 [Thread-15] INFO  ies.hw.hw1.http.WeakConcurrentHashMap - Initiating Cleaner Thread...
2022-04-22 11:03:11.653 [main] INFO  ies.hw.hw1.http.WeakConcurrentHashMap - Inserting : teste stats : on Cache
2022-04-22 11:03:11.661 [Thread-16] INFO  ies.hw.hw1.http.WeakConcurrentHashMap - Initiating Cleaner Thread...
2022-04-22 11:03:11.663 [main] INFO  ies.hw.hw1.http.WeakConcurrentHashMap - Inserting : teste insertion 1 : on Cache
2022-04-22 11:03:11.663 [main] INFO  ies.hw.hw1.http.WeakConcurrentHashMap - Inserting : teste insertion 2 : on Cache
2022-04-22 11:03:11.669 [Thread-17] INFO  ies.hw.hw1.http.WeakConcurrentHashMap - Initiating Cleaner Thread...
2022-04-22 11:03:12.670 [Thread-17] INFO  ies.hw.hw1.http.WeakConcurrentHashMap - Removing : teste insertion 1 : from Cache
2022-04-22 11:03:12.670 [Thread-17] INFO  ies.hw.hw1.http.WeakConcurrentHashMap - Removing : teste insertion 2 : from Cache
2022-04-22 11:03:13.152 [Thread-15] INFO  ies.hw.hw1.http.WeakConcurrentHashMap - Removing : teste stats : from Cache
2022-04-22 11:03:35.036 [http-nio-8080-exec-4] INFO  ies.hw.hw1.http.Client - Cache used for url: https://covid-19-statistics.p.rapidapi.com/reports?region_name=Brazil&date=2022-04-14
2022-04-22 11:03:35.037 [http-nio-8080-exec-4] INFO  ies.hw.hw1.http.Client - Cache used for url: https://covid-19-statistics.p.rapidapi.com/reports?region_name=Brazil&date=2022-04-15
2022-04-22 11:03:35.038 [http-nio-8080-exec-4] INFO  ies.hw.hw1.http.Client - Cache used for url: https://covid-19-statistics.p.rapidapi.com/reports?region_name=Brazil&date=2022-04-16
2022-04-22 11:03:35.038 [http-nio-8080-exec-4] INFO  ies.hw.hw1.http.Client - Cache used for url: https://covid-19-statistics.p.rapidapi.com/reports?region_name=Brazil&date=2022-04-17
2022-04-22 11:03:35.039 [http-nio-8080-exec-4] INFO  ies.hw.hw1.http.Client - Cache used for url: https://covid-19-statistics.p.rapidapi.com/reports?region_name=Brazil&date=2022-04-18
2022-04-22 11:03:35.040 [http-nio-8080-exec-4] INFO  ies.hw.hw1.http.Client - Cache used for url: https://covid-19-statistics.p.rapidapi.com/reports?region_name=Brazil&date=2022-04-19
2022-04-22 11:03:35.041 [http-nio-8080-exec-4] INFO  ies.hw.hw1.http.Client - Cache used for url: https://covid-19-statistics.p.rapidapi.com/reports?region_name=Brazil&date=2022-04-20
2022-04-22 11:03:35.042 [http-nio-8080-exec-4] INFO  ies.hw.hw1.http.Client - Cache used for url: https://covid-19-statistics.p.rapidapi.com/reports?region_name=Brazil&date=2022-04-21
2022-04-22 11:03:35.044 [http-nio-8080-exec-4] INFO  ies.hw.hw1.http.Client - Cache used for url: https://covid-19-statistics.p.rapidapi.com/reports?region_name=Brazil&date=2022-04-22
2022-04-22 11:03:36.008 [http-nio-8080-exec-1] INFO  ies.hw.hw1.controller.CovidController - API 2 - Getting Country Brazil for day: 2022-04-12 until 2022-04-18
2022-04-22 11:03:36.008 [http-nio-8080-exec-1] INFO  ies.hw.hw1.http.Client - Cache used for url: https://covid-19-statistics.p.rapidapi.com/reports?region_name=Brazil&date=2022-04-12
2022-04-22 11:03:36.009 [http-nio-8080-exec-1] INFO  ies.hw.hw1.http.Client - Cache used for url: https://covid-19-statistics.p.rapidapi.com/reports?region_name=Brazil&date=2022-04-13
2022-04-22 11:03:36.010 [http-nio-8080-exec-1] INFO  ies.hw.hw1.http.Client - Cache used for url: https://covid-19-statistics.p.rapidapi.com/reports?region_name=Brazil&date=2022-04-14
2022-04-22 11:03:36.010 [http-nio-8080-exec-1] INFO  ies.hw.hw1.http.Client - Cache used for url: https://covid-19-statistics.p.rapidapi.com/reports?region_name=Brazil&date=2022-04-15
2022-04-22 11:03:36.011 [http-nio-8080-exec-1] INFO  ies.hw.hw1.http.Client - Cache used for url: https://covid-19-statistics.p.rapidapi.com/reports?region_name=Brazil&date=2022-04-16
2022-04-22 11:03:36.014 [http-nio-8080-exec-1] INFO  ies.hw.hw1.http.Client - Cache used for url: https://covid-19-statistics.p.rapidapi.com/reports?region_name=Brazil&date=2022-04-17
2022-04-22 11:03:36.015 [http-nio-8080-exec-1] INFO  ies.hw.hw1.http.Client - Cache used for url: https://covid-19-statistics.p.rapidapi.com/reports?region_name=Brazil&date=2022-04-18
2022-04-22 11:10:39.946 [Thread-2] INFO  ies.hw.hw1.http.WeakConcurrentHashMap - Removing : https://covid-19-statistics.p.rapidapi.com/reports?region_name=Brazil&date=2022-04-20 : from Cache
2022-04-22 11:10:39.946 [Thread-1] INFO  ies.hw.hw1.http.WeakConcurrentHashMap - Removing : https://covid-193.p.rapidapi.com/history?country=Brazil&day=2022-04-20 : from Cache
2022-04-22 11:10:39.947 [Thread-2] INFO  ies.hw.hw1.http.WeakConcurrentHashMap - Removing : https://covid-19-statistics.p.rapidapi.com/reports?region_name=Brazil&date=2022-04-21 : from Cache
2022-04-22 11:10:39.947 [Thread-2] INFO  ies.hw.hw1.http.WeakConcurrentHashMap - Removing : https://covid-19-statistics.p.rapidapi.com/reports?region_name=Brazil&date=2022-04-22 : from Cache
2022-04-22 11:10:39.947 [Thread-2] INFO  ies.hw.hw1.http.WeakConcurrentHashMap - Removing : https://covid-19-statistics.p.rapidapi.com/reports?region_name=Brazil&date=2022-04-12 : from Cache
2022-04-22 11:10:39.947 [Thread-2] INFO  ies.hw.hw1.http.WeakConcurrentHashMap - Removing : https://covid-19-statistics.p.rapidapi.com/reports?region_name=Brazil&date=2022-04-13 : from Cache
2022-04-22 11:10:39.947 [Thread-2] INFO  ies.hw.hw1.http.WeakConcurrentHashMap - Removing : https://covid-19-statistics.p.rapidapi.com/reports?region_name=Brazil&date=2022-04-14 : from Cache
2022-04-22 11:10:39.947 [Thread-2] INFO  ies.hw.hw1.http.WeakConcurrentHashMap - Removing : https://covid-19-statistics.p.rapidapi.com/reports?region_name=Brazil&date=2022-04-15 : from Cache
2022-04-22 11:10:39.947 [Thread-2] INFO  ies.hw.hw1.http.WeakConcurrentHashMap - Removing : https://covid-19-statistics.p.rapidapi.com/reports?region_name=Brazil&date=2022-04-16 : from Cache
2022-04-22 11:10:39.947 [Thread-2] INFO  ies.hw.hw1.http.WeakConcurrentHashMap - Removing : https://covid-19-statistics.p.rapidapi.com/reports?region_name=Brazil&date=2022-04-17 : from Cache
2022-04-22 11:10:39.947 [Thread-2] INFO  ies.hw.hw1.http.WeakConcurrentHashMap - Removing : https://covid-19-statistics.p.rapidapi.com/regions : from Cache
2022-04-22 11:10:39.947 [Thread-2] INFO  ies.hw.hw1.http.WeakConcurrentHashMap - Removing : https://covid-19-statistics.p.rapidapi.com/reports?region_name=Brazil&date=2022-04-18 : from Cache
2022-04-22 11:10:39.947 [Thread-2] INFO  ies.hw.hw1.http.WeakConcurrentHashMap - Removing : https://covid-19-statistics.p.rapidapi.com/reports?region_name=Brazil&date=2022-04-19 : from Cache
2022-04-22 11:10:39.947 [Thread-1] INFO  ies.hw.hw1.http.WeakConcurrentHashMap - Removing : https://covid-193.p.rapidapi.com/countries : from Cache
2022-04-22 11:10:39.948 [Thread-1] INFO  ies.hw.hw1.http.WeakConcurrentHashMap - Removing : https://covid-193.p.rapidapi.com/history?country=Brazil&day=2022-04-21 : from Cache
2022-04-22 11:10:39.948 [Thread-1] INFO  ies.hw.hw1.http.WeakConcurrentHashMap - Removing : https://covid-193.p.rapidapi.com/history?country=Brazil&day=2022-04-22 : from Cache
2022-04-22 11:10:39.948 [Thread-1] INFO  ies.hw.hw1.http.WeakConcurrentHashMap - Removing : https://covid-193.p.rapidapi.com/history?country=Brazil&day=2022-04-16 : from Cache
2022-04-22 11:10:39.948 [Thread-1] INFO  ies.hw.hw1.http.WeakConcurrentHashMap - Removing : https://covid-193.p.rapidapi.com/history?country=Argentina&day=2022-04-16 : from Cache
2022-04-22 11:10:39.948 [Thread-1] INFO  ies.hw.hw1.http.WeakConcurrentHashMap - Removing : https://covid-193.p.rapidapi.com/history?country=Brazil&day=2022-04-17 : from Cache
2022-04-22 11:10:39.948 [Thread-1] INFO  ies.hw.hw1.http.WeakConcurrentHashMap - Removing : https://covid-193.p.rapidapi.com/history?country=Argentina&day=2022-04-15 : from Cache
2022-04-22 11:10:39.948 [Thread-1] INFO  ies.hw.hw1.http.WeakConcurrentHashMap - Removing : https://covid-193.p.rapidapi.com/history?country=Brazil&day=2022-04-14 : from Cache
2022-04-22 11:10:39.948 [Thread-1] INFO  ies.hw.hw1.http.WeakConcurrentHashMap - Removing : https://covid-193.p.rapidapi.com/history?country=Argentina&day=2022-04-14 : from Cache
2022-04-22 11:10:39.948 [Thread-1] INFO  ies.hw.hw1.http.WeakConcurrentHashMap - Removing : https://covid-193.p.rapidapi.com/history?country=Brazil&day=2022-04-15 : from Cache
2022-04-22 11:10:39.949 [Thread-1] INFO  ies.hw.hw1.http.WeakConcurrentHashMap - Removing : https://covid-193.p.rapidapi.com/history?country=Argentina&day=2022-04-13 : from Cache
2022-04-22 11:10:39.949 [Thread-1] INFO  ies.hw.hw1.http.WeakConcurrentHashMap - Removing : https://covid-193.p.rapidapi.com/history?country=Argentina&day=2022-04-12 : from Cache
2022-04-22 11:10:39.949 [Thread-1] INFO  ies.hw.hw1.http.WeakConcurrentHashMap - Removing : https://covid-193.p.rapidapi.com/history?country=Brazil&day=2022-04-18 : from Cache
2022-04-22 11:10:39.949 [Thread-1] INFO  ies.hw.hw1.http.WeakConcurrentHashMap - Removing : https://covid-193.p.rapidapi.com/history?country=Brazil&day=2022-04-19 : from Cache
2022-04-22 11:10:39.949 [Thread-1] INFO  ies.hw.hw1.http.WeakConcurrentHashMap - Removing : https://covid-193.p.rapidapi.com/history?country=Argentina&day=2022-04-19 : from Cache
2022-04-22 11:10:39.949 [Thread-1] INFO  ies.hw.hw1.http.WeakConcurrentHashMap - Removing : https://covid-193.p.rapidapi.com/history?country=Argentina&day=2022-04-18 : from Cache
2022-04-22 11:10:39.950 [Thread-1] INFO  ies.hw.hw1.http.WeakConcurrentHashMap - Removing : https://covid-193.p.rapidapi.com/history?country=Argentina&day=2022-04-17 : from Cache
2022-04-22 11:10:39.950 [Thread-1] INFO  ies.hw.hw1.http.WeakConcurrentHashMap - Removing : https://covid-193.p.rapidapi.com/history?country=Brazil&day=2022-04-12 : from Cache
2022-04-22 11:10:39.950 [Thread-1] INFO  ies.hw.hw1.http.WeakConcurrentHashMap - Removing : https://covid-193.p.rapidapi.com/history?country=Brazil&day=2022-04-13 : from Cache
2022-04-22 11:10:39.950 [Thread-1] INFO  ies.hw.hw1.http.WeakConcurrentHashMap - Removing : https://covid-193.p.rapidapi.com/history?country=Argentina&day=2022-04-22 : from Cache
2022-04-22 11:10:39.950 [Thread-1] INFO  ies.hw.hw1.http.WeakConcurrentHashMap - Removing : https://covid-193.p.rapidapi.com/history?country=Argentina&day=2022-04-21 : from Cache
2022-04-22 11:10:39.950 [Thread-1] INFO  ies.hw.hw1.http.WeakConcurrentHashMap - Removing : https://covid-193.p.rapidapi.com/history?country=Argentina&day=2022-04-20 : from Cache
2022-04-22 12:54:07.847 [http-nio-8080-exec-9] INFO  ies.hw.hw1.controller.CovidController - API 1 - Getting Country Brazil for day: 2022-04-22 until 2022-04-22
2022-04-22 12:54:08.585 [http-nio-8080-exec-9] INFO  ies.hw.hw1.http.WeakConcurrentHashMap - Inserting : https://covid-193.p.rapidapi.com/history?country=Brazil&day=2022-04-22 : on Cache
2022-04-22 12:54:13.051 [http-nio-8080-exec-4] INFO  ies.hw.hw1.controller.CovidController - API 1 - Getting Country Brazil for day: 2022-04-21 until 2022-04-22
2022-04-22 12:54:13.691 [http-nio-8080-exec-4] INFO  ies.hw.hw1.http.WeakConcurrentHashMap - Inserting : https://covid-193.p.rapidapi.com/history?country=Brazil&day=2022-04-21 : on Cache
2022-04-22 12:54:13.691 [http-nio-8080-exec-4] INFO  ies.hw.hw1.http.Client - Cache used for url: https://covid-193.p.rapidapi.com/history?country=Brazil&day=2022-04-22
2022-04-22 13:15:39.953 [Thread-1] INFO  ies.hw.hw1.http.WeakConcurrentHashMap - Removing : https://covid-193.p.rapidapi.com/history?country=Brazil&day=2022-04-21 : from Cache
2022-04-22 13:15:39.954 [Thread-1] INFO  ies.hw.hw1.http.WeakConcurrentHashMap - Removing : https://covid-193.p.rapidapi.com/history?country=Brazil&day=2022-04-22 : from Cache
2022-04-22 14:47:43.836 [Thread-1] INFO  ies.hw.hw1.http.WeakConcurrentHashMap - Initiating Cleaner Thread...
2022-04-22 14:47:43.841 [Thread-2] INFO  ies.hw.hw1.http.WeakConcurrentHashMap - Initiating Cleaner Thread...
2022-04-22 14:51:57.375 [Thread-1] INFO  ies.hw.hw1.http.WeakConcurrentHashMap - Initiating Cleaner Thread...
2022-04-22 14:51:57.376 [Thread-2] INFO  ies.hw.hw1.http.WeakConcurrentHashMap - Initiating Cleaner Thread...
