2022-04-20 16:02:34.762 [main] INFO  ies.hw.hw1.controller.CovidController - API 1 - Getting Country by name: not_existent
2022-04-20 16:02:34.866 [main] INFO  ies.hw.hw1.controller.CovidController - API 2 - Getting Country by name: not_existent
2022-04-20 16:02:34.894 [main] INFO  ies.hw.hw1.controller.CovidController - API 1 - Getting Country brazil for day: 2021-09-30 until 2021-10-01
2022-04-20 16:02:34.959 [main] INFO  ies.hw.hw1.controller.CovidController - API 2 - Getting Country brazil for day: 2021-09-30 until 2021-10-01
2022-04-20 16:02:34.977 [main] INFO  ies.hw.hw1.controller.CovidController - API 1 - Getting all countries
2022-04-20 16:02:35.006 [main] INFO  ies.hw.hw1.controller.CovidController - API 2 - Getting all countries
2022-04-20 16:02:35.028 [main] INFO  ies.hw.hw1.controller.CovidController - API 1 - Getting Country by name: brazil
2022-04-20 16:02:35.044 [main] INFO  ies.hw.hw1.controller.CovidController - API 2 - Getting Country by name: brazil
2022-04-20 16:02:35.071 [main] INFO  ies.hw.hw1.controller.CovidController - API 1 - Returning cache info: 
2022-04-20 16:02:35.089 [main] INFO  ies.hw.hw1.controller.CovidController - API 2 - Returning cache info: 
2022-04-20 16:11:16.721 [main] INFO  ies.hw.hw1.controller.CovidController - API 1 - Getting Country by name: not_existent
2022-04-20 16:11:16.817 [main] INFO  ies.hw.hw1.controller.CovidController - API 2 - Getting Country by name: not_existent
2022-04-20 16:11:16.842 [main] INFO  ies.hw.hw1.controller.CovidController - API 1 - Getting Country brazil for day: 2021-09-30 until 2021-10-01
2022-04-20 16:11:16.902 [main] INFO  ies.hw.hw1.controller.CovidController - API 2 - Getting Country {0} for day: {1} until {2}
2022-04-20 16:11:16.923 [main] INFO  ies.hw.hw1.controller.CovidController - API 1 - Getting all countries
2022-04-20 16:11:16.976 [main] INFO  ies.hw.hw1.controller.CovidController - API 2 - Getting all countries
2022-04-20 16:11:16.987 [main] INFO  ies.hw.hw1.controller.CovidController - API 1 - Getting Country by name: brazil
2022-04-20 16:11:17.023 [main] INFO  ies.hw.hw1.controller.CovidController - API 2 - Getting Country by name: brazil
2022-04-20 16:11:17.034 [main] INFO  ies.hw.hw1.controller.CovidController - API 1 - Returning cache info: 
2022-04-20 16:11:17.058 [main] INFO  ies.hw.hw1.controller.CovidController - API 2 - Returning cache info: 
2022-04-20 16:15:27.266 [main] INFO  ies.hw.hw1.controller.CovidController - API 1 - Getting Country by name: not_existent
2022-04-20 16:15:27.371 [main] INFO  ies.hw.hw1.controller.CovidController - API 2 - Getting Country by name: not_existent
2022-04-20 16:15:27.410 [main] INFO  ies.hw.hw1.controller.CovidController - API 1 - Getting Country brazil for day: 2021-09-30 until 2021-10-01
2022-04-20 16:15:27.469 [main] INFO  ies.hw.hw1.controller.CovidController - API 2 - Getting Country brazil for day: 2021-09-30 until 2021-10-01
2022-04-20 16:15:27.487 [main] INFO  ies.hw.hw1.controller.CovidController - API 1 - Getting all countries
2022-04-20 16:15:27.523 [main] INFO  ies.hw.hw1.controller.CovidController - API 2 - Getting all countries
2022-04-20 16:15:27.533 [main] INFO  ies.hw.hw1.controller.CovidController - API 1 - Getting Country by name: brazil
2022-04-20 16:15:27.546 [main] INFO  ies.hw.hw1.controller.CovidController - API 2 - Getting Country by name: brazil
2022-04-20 16:15:27.570 [main] INFO  ies.hw.hw1.controller.CovidController - API 1 - Returning cache info: 
2022-04-20 16:15:27.590 [main] INFO  ies.hw.hw1.controller.CovidController - API 2 - Returning cache info: 
2022-04-20 16:21:04.721 [main] INFO  ies.hw.hw1.controller.CovidController - API 1 - Getting Country by name: not_existent
2022-04-20 16:21:04.835 [main] INFO  ies.hw.hw1.controller.CovidController - API 2 - Getting Country by name: not_existent
2022-04-20 16:21:04.857 [main] INFO  ies.hw.hw1.controller.CovidController - API 1 - Getting Country brazil for day: 2021-09-30 until 2021-10-01
2022-04-20 16:21:04.913 [main] INFO  ies.hw.hw1.controller.CovidController - API 2 - Getting Country brazil for day: 2021-09-30 until 2021-10-01
2022-04-20 16:21:04.934 [main] INFO  ies.hw.hw1.controller.CovidController - API 1 - Getting all countries
2022-04-20 16:21:04.973 [main] INFO  ies.hw.hw1.controller.CovidController - API 2 - Getting all countries
2022-04-20 16:21:05.005 [main] INFO  ies.hw.hw1.controller.CovidController - API 1 - Getting Country by name: brazil
2022-04-20 16:21:05.030 [main] INFO  ies.hw.hw1.controller.CovidController - API 2 - Getting Country by name: brazil
2022-04-20 16:21:05.059 [main] INFO  ies.hw.hw1.controller.CovidController - API 1 - Returning cache info: 
2022-04-20 16:21:05.073 [main] INFO  ies.hw.hw1.controller.CovidController - API 2 - Returning cache info: 
2022-04-20 16:29:26.627 [main] INFO  ies.hw.hw1.controller.CovidController - API 1 - Getting Country by name: not_existent
2022-04-20 16:29:26.731 [main] INFO  ies.hw.hw1.controller.CovidController - API 2 - Getting Country by name: not_existent
2022-04-20 16:29:26.752 [main] INFO  ies.hw.hw1.controller.CovidController - API 1 - Getting Country brazil for day: 2021-09-30 until 2021-10-01
2022-04-20 16:29:26.804 [main] INFO  ies.hw.hw1.controller.CovidController - API 2 - Getting Country brazil for day: 2021-09-30 until 2021-10-01
2022-04-20 16:29:26.825 [main] INFO  ies.hw.hw1.controller.CovidController - API 1 - Getting all countries
2022-04-20 16:29:26.866 [main] INFO  ies.hw.hw1.controller.CovidController - API 2 - Getting all countries
2022-04-20 16:29:26.898 [main] INFO  ies.hw.hw1.controller.CovidController - API 1 - Getting Country by name: brazil
2022-04-20 16:29:26.930 [main] INFO  ies.hw.hw1.controller.CovidController - API 2 - Getting Country by name: brazil
2022-04-20 16:29:26.975 [main] INFO  ies.hw.hw1.controller.CovidController - API 1 - Returning cache info: 
2022-04-20 16:29:26.986 [main] INFO  ies.hw.hw1.controller.CovidController - API 2 - Returning cache info: 
2022-04-20 16:29:27.015 [Thread-1] INFO  ies.hw.hw1.http.Client - Initiating Cleaner Thread...
2022-04-20 16:29:27.056 [Thread-2] INFO  ies.hw.hw1.http.Client - Initiating Cleaner Thread...
2022-04-20 16:29:27.068 [Thread-3] INFO  ies.hw.hw1.http.Client - Initiating Cleaner Thread...
2022-04-20 16:29:27.076 [Thread-4] INFO  ies.hw.hw1.http.Client - Initiating Cleaner Thread...
2022-04-20 16:29:27.116 [Thread-5] INFO  ies.hw.hw1.http.Client - Initiating Cleaner Thread...
2022-04-20 16:29:27.170 [Thread-7] INFO  ies.hw.hw1.http.Client - Initiating Cleaner Thread...
2022-04-20 16:29:27.170 [Thread-6] INFO  ies.hw.hw1.http.Client - Initiating Cleaner Thread...
2022-04-20 16:29:27.175 [Thread-8] INFO  ies.hw.hw1.http.Client - Initiating Cleaner Thread...
2022-04-20 16:29:27.183 [Thread-9] INFO  ies.hw.hw1.http.Client - Initiating Cleaner Thread...
2022-04-20 16:29:27.184 [Thread-10] INFO  ies.hw.hw1.http.Client - Initiating Cleaner Thread...
2022-04-20 16:29:27.185 [main] INFO  ies.hw.hw1.http.Client - Inserting : teste ttl : on Cache
2022-04-20 16:29:28.684 [Thread-10] INFO  ies.hw.hw1.http.Client - Removing : teste ttl : from Cache
2022-04-20 16:29:28.724 [main] INFO  ies.hw.hw1.http.Client - Inserting : teste stats : on Cache
2022-04-20 16:29:28.734 [Thread-12] INFO  ies.hw.hw1.http.Client - Initiating Cleaner Thread...
2022-04-20 16:29:28.735 [main] INFO  ies.hw.hw1.http.Client - Inserting : teste insertion 1 : on Cache
2022-04-20 16:29:28.736 [main] INFO  ies.hw.hw1.http.Client - Inserting : teste insertion 2 : on Cache
2022-04-20 16:29:28.728 [Thread-11] INFO  ies.hw.hw1.http.Client - Initiating Cleaner Thread...
2022-04-20 16:29:28.741 [Thread-13] INFO  ies.hw.hw1.http.Client - Initiating Cleaner Thread...
2022-04-20 16:32:28.493 [main] INFO  ies.hw.hw1.controller.CovidController - API 1 - Getting Country by name: not_existent
2022-04-20 16:32:28.604 [main] INFO  ies.hw.hw1.controller.CovidController - API 2 - Getting Country by name: not_existent
2022-04-20 16:32:28.615 [main] INFO  ies.hw.hw1.controller.CovidController - API 1 - Getting Country brazil for day: 2021-09-30 until 2021-10-01
2022-04-20 16:32:28.663 [main] INFO  ies.hw.hw1.controller.CovidController - API 2 - Getting Country brazil for day: 2021-09-30 until 2021-10-01
2022-04-20 16:32:28.680 [main] INFO  ies.hw.hw1.controller.CovidController - API 1 - Getting all countries
2022-04-20 16:32:28.716 [main] INFO  ies.hw.hw1.controller.CovidController - API 2 - Getting all countries
2022-04-20 16:32:28.724 [main] INFO  ies.hw.hw1.controller.CovidController - API 1 - Getting Country by name: brazil
2022-04-20 16:32:28.746 [main] INFO  ies.hw.hw1.controller.CovidController - API 2 - Getting Country by name: brazil
2022-04-20 16:32:28.759 [main] INFO  ies.hw.hw1.controller.CovidController - API 1 - Returning cache info: 
2022-04-20 16:32:28.779 [main] INFO  ies.hw.hw1.controller.CovidController - API 2 - Returning cache info: 
2022-04-20 16:32:28.818 [Thread-1] INFO  ies.hw.hw1.http.WeakConcurrentHashMap - Initiating Cleaner Thread...
2022-04-20 16:32:28.852 [Thread-2] INFO  ies.hw.hw1.http.WeakConcurrentHashMap - Initiating Cleaner Thread...
2022-04-20 16:32:28.872 [Thread-3] INFO  ies.hw.hw1.http.WeakConcurrentHashMap - Initiating Cleaner Thread...
2022-04-20 16:32:28.877 [Thread-4] INFO  ies.hw.hw1.http.WeakConcurrentHashMap - Initiating Cleaner Thread...
2022-04-20 16:32:28.943 [Thread-5] INFO  ies.hw.hw1.http.WeakConcurrentHashMap - Initiating Cleaner Thread...
2022-04-20 16:32:28.986 [Thread-6] INFO  ies.hw.hw1.http.WeakConcurrentHashMap - Initiating Cleaner Thread...
2022-04-20 16:32:28.996 [Thread-7] INFO  ies.hw.hw1.http.WeakConcurrentHashMap - Initiating Cleaner Thread...
2022-04-20 16:32:29.014 [Thread-8] INFO  ies.hw.hw1.http.WeakConcurrentHashMap - Initiating Cleaner Thread...
2022-04-20 16:32:29.044 [Thread-9] INFO  ies.hw.hw1.http.WeakConcurrentHashMap - Initiating Cleaner Thread...
2022-04-20 16:32:29.057 [main] INFO  ies.hw.hw1.http.WeakConcurrentHashMap - Inserting : teste ttl : on Cache
2022-04-20 16:32:29.064 [Thread-10] INFO  ies.hw.hw1.http.WeakConcurrentHashMap - Initiating Cleaner Thread...
2022-04-20 16:32:30.065 [Thread-10] INFO  ies.hw.hw1.http.WeakConcurrentHashMap - Removing : teste ttl : from Cache
2022-04-20 16:32:30.085 [main] INFO  ies.hw.hw1.http.WeakConcurrentHashMap - Inserting : teste stats : on Cache
2022-04-20 16:32:30.087 [Thread-11] INFO  ies.hw.hw1.http.WeakConcurrentHashMap - Initiating Cleaner Thread...
2022-04-20 16:32:30.090 [Thread-12] INFO  ies.hw.hw1.http.WeakConcurrentHashMap - Initiating Cleaner Thread...
2022-04-20 16:32:30.091 [main] INFO  ies.hw.hw1.http.WeakConcurrentHashMap - Inserting : teste insertion 1 : on Cache
2022-04-20 16:32:30.091 [main] INFO  ies.hw.hw1.http.WeakConcurrentHashMap - Inserting : teste insertion 2 : on Cache
2022-04-20 16:32:30.091 [Thread-13] INFO  ies.hw.hw1.http.WeakConcurrentHashMap - Initiating Cleaner Thread...
2022-04-20 16:33:54.472 [main] INFO  ies.hw.hw1.controller.CovidController - API 1 - Getting Country by name: not_existent
2022-04-20 16:33:54.580 [main] INFO  ies.hw.hw1.controller.CovidController - API 2 - Getting Country by name: not_existent
2022-04-20 16:33:54.591 [main] INFO  ies.hw.hw1.controller.CovidController - API 1 - Getting Country brazil for day: 2021-09-30 until 2021-10-01
2022-04-20 16:33:54.640 [main] INFO  ies.hw.hw1.controller.CovidController - API 2 - Getting Country brazil for day: 2021-09-30 until 2021-10-01
2022-04-20 16:33:54.666 [main] INFO  ies.hw.hw1.controller.CovidController - API 1 - Getting all countries
2022-04-20 16:33:54.694 [main] INFO  ies.hw.hw1.controller.CovidController - API 2 - Getting all countries
2022-04-20 16:33:54.713 [main] INFO  ies.hw.hw1.controller.CovidController - API 1 - Getting Country by name: brazil
2022-04-20 16:33:54.727 [main] INFO  ies.hw.hw1.controller.CovidController - API 2 - Getting Country by name: brazil
2022-04-20 16:33:54.737 [main] INFO  ies.hw.hw1.controller.CovidController - API 1 - Returning cache info: 
2022-04-20 16:33:54.753 [main] INFO  ies.hw.hw1.controller.CovidController - API 2 - Returning cache info: 
2022-04-20 16:33:54.776 [Thread-1] INFO  ies.hw.hw1.http.WeakConcurrentHashMap - Initiating Cleaner Thread...
2022-04-20 16:33:54.814 [Thread-2] INFO  ies.hw.hw1.http.WeakConcurrentHashMap - Initiating Cleaner Thread...
2022-04-20 16:33:54.823 [Thread-3] INFO  ies.hw.hw1.http.WeakConcurrentHashMap - Initiating Cleaner Thread...
2022-04-20 16:33:54.834 [Thread-4] INFO  ies.hw.hw1.http.WeakConcurrentHashMap - Initiating Cleaner Thread...
2022-04-20 16:33:54.872 [Thread-5] INFO  ies.hw.hw1.http.WeakConcurrentHashMap - Initiating Cleaner Thread...
2022-04-20 16:33:54.905 [Thread-6] INFO  ies.hw.hw1.http.WeakConcurrentHashMap - Initiating Cleaner Thread...
2022-04-20 16:33:54.909 [Thread-7] INFO  ies.hw.hw1.http.WeakConcurrentHashMap - Initiating Cleaner Thread...
2022-04-20 16:33:54.920 [Thread-8] INFO  ies.hw.hw1.http.WeakConcurrentHashMap - Initiating Cleaner Thread...
2022-04-20 16:33:54.925 [Thread-9] INFO  ies.hw.hw1.http.WeakConcurrentHashMap - Initiating Cleaner Thread...
2022-04-20 16:33:54.928 [Thread-10] INFO  ies.hw.hw1.http.WeakConcurrentHashMap - Initiating Cleaner Thread...
2022-04-20 16:33:54.930 [main] INFO  ies.hw.hw1.http.WeakConcurrentHashMap - Inserting : teste ttl : on Cache
2022-04-20 16:33:56.429 [Thread-10] INFO  ies.hw.hw1.http.WeakConcurrentHashMap - Removing : teste ttl : from Cache
2022-04-20 16:33:56.465 [Thread-11] INFO  ies.hw.hw1.http.WeakConcurrentHashMap - Initiating Cleaner Thread...
2022-04-20 16:33:56.466 [main] INFO  ies.hw.hw1.http.WeakConcurrentHashMap - Inserting : teste stats : on Cache
2022-04-20 16:33:56.468 [Thread-12] INFO  ies.hw.hw1.http.WeakConcurrentHashMap - Initiating Cleaner Thread...
2022-04-20 16:33:56.473 [Thread-13] INFO  ies.hw.hw1.http.WeakConcurrentHashMap - Initiating Cleaner Thread...
2022-04-20 16:33:56.473 [main] INFO  ies.hw.hw1.http.WeakConcurrentHashMap - Inserting : teste insertion 1 : on Cache
2022-04-20 16:33:56.475 [main] INFO  ies.hw.hw1.http.WeakConcurrentHashMap - Inserting : teste insertion 2 : on Cache
2022-04-20 17:29:35.591 [Thread-0] INFO  ies.hw.hw1.http.WeakConcurrentHashMap - Initiating Cleaner Thread...
2022-04-20 17:29:44.473 [Thread-0] INFO  ies.hw.hw1.http.WeakConcurrentHashMap - Initiating Cleaner Thread...
2022-04-20 17:29:45.383 [Thread-1] INFO  ies.hw.hw1.http.WeakConcurrentHashMap - Initiating Cleaner Thread...
2022-04-20 17:29:45.403 [Thread-2] INFO  ies.hw.hw1.http.WeakConcurrentHashMap - Initiating Cleaner Thread...
2022-04-20 17:29:45.452 [Thread-3] INFO  ies.hw.hw1.http.WeakConcurrentHashMap - Initiating Cleaner Thread...
2022-04-20 17:29:53.051 [Thread-0] INFO  ies.hw.hw1.http.WeakConcurrentHashMap - Initiating Cleaner Thread...
2022-04-20 17:29:59.676 [Thread-0] INFO  ies.hw.hw1.http.WeakConcurrentHashMap - Initiating Cleaner Thread...
2022-04-20 17:30:00.658 [Thread-1] INFO  ies.hw.hw1.http.WeakConcurrentHashMap - Initiating Cleaner Thread...
2022-04-20 17:30:00.678 [Thread-2] INFO  ies.hw.hw1.http.WeakConcurrentHashMap - Initiating Cleaner Thread...
2022-04-20 17:30:00.694 [Thread-3] INFO  ies.hw.hw1.http.WeakConcurrentHashMap - Initiating Cleaner Thread...
2022-04-20 17:30:15.750 [Thread-0] INFO  ies.hw.hw1.http.WeakConcurrentHashMap - Initiating Cleaner Thread...
2022-04-20 17:30:15.807 [Thread-1] INFO  ies.hw.hw1.http.WeakConcurrentHashMap - Initiating Cleaner Thread...
2022-04-20 17:30:15.831 [main] INFO  ies.hw.hw1.http.WeakConcurrentHashMap - Inserting : teste ttl : on Cache
2022-04-20 17:30:17.311 [Thread-1] INFO  ies.hw.hw1.http.WeakConcurrentHashMap - Removing : teste ttl : from Cache
2022-04-20 17:30:17.389 [main] INFO  ies.hw.hw1.http.WeakConcurrentHashMap - Inserting : teste stats : on Cache
2022-04-20 17:30:17.395 [Thread-2] INFO  ies.hw.hw1.http.WeakConcurrentHashMap - Initiating Cleaner Thread...
2022-04-20 17:30:17.395 [Thread-3] INFO  ies.hw.hw1.http.WeakConcurrentHashMap - Initiating Cleaner Thread...
2022-04-20 17:30:17.399 [main] INFO  ies.hw.hw1.http.WeakConcurrentHashMap - Inserting : teste insertion 1 : on Cache
2022-04-20 17:30:17.400 [main] INFO  ies.hw.hw1.http.WeakConcurrentHashMap - Inserting : teste insertion 2 : on Cache
2022-04-20 17:30:17.399 [Thread-4] INFO  ies.hw.hw1.http.WeakConcurrentHashMap - Initiating Cleaner Thread...
2022-04-20 17:30:18.396 [Thread-2] INFO  ies.hw.hw1.http.WeakConcurrentHashMap - Removing : teste stats : from Cache
2022-04-20 17:30:18.409 [Thread-4] INFO  ies.hw.hw1.http.WeakConcurrentHashMap - Removing : teste insertion 1 : from Cache
2022-04-20 17:30:18.410 [Thread-4] INFO  ies.hw.hw1.http.WeakConcurrentHashMap - Removing : teste insertion 2 : from Cache
2022-04-20 17:30:20.840 [main] INFO  ies.hw.hw1.controller.CovidController - API 1 - Getting Country by name: not_existent
2022-04-20 17:30:21.034 [main] INFO  ies.hw.hw1.controller.CovidController - API 2 - Getting Country by name: not_existent
2022-04-20 17:30:21.063 [main] INFO  ies.hw.hw1.controller.CovidController - API 1 - Getting Country brazil for day: 2021-09-30 until 2021-10-01
2022-04-20 17:30:21.153 [main] INFO  ies.hw.hw1.controller.CovidController - API 2 - Getting Country brazil for day: 2021-09-30 until 2021-10-01
2022-04-20 17:30:21.204 [main] INFO  ies.hw.hw1.controller.CovidController - API 1 - Getting all countries
2022-04-20 17:30:21.251 [main] INFO  ies.hw.hw1.controller.CovidController - API 2 - Getting all countries
2022-04-20 17:30:21.274 [main] INFO  ies.hw.hw1.controller.CovidController - API 1 - Getting Country by name: brazil
2022-04-20 17:30:21.299 [main] INFO  ies.hw.hw1.controller.CovidController - API 2 - Getting Country by name: brazil
2022-04-20 17:30:21.329 [main] INFO  ies.hw.hw1.controller.CovidController - API 1 - Returning cache info: 
2022-04-20 17:30:21.368 [main] INFO  ies.hw.hw1.controller.CovidController - API 2 - Returning cache info: 
2022-04-20 17:30:22.838 [Thread-7] INFO  ies.hw.hw1.http.WeakConcurrentHashMap - Initiating Cleaner Thread...
2022-04-20 17:30:22.843 [Thread-8] INFO  ies.hw.hw1.http.WeakConcurrentHashMap - Initiating Cleaner Thread...
2022-04-20 17:30:24.092 [http-nio-auto-1-exec-1] INFO  ies.hw.hw1.controller.CovidController - API 1 - Getting Country by name: not_existent
2022-04-20 17:30:25.656 [http-nio-auto-1-exec-1] INFO  ies.hw.hw1.http.WeakConcurrentHashMap - Inserting : https://covid-193.p.rapidapi.com/history?country=not_existent&day=2022-04-20 : on Cache
2022-04-20 17:30:25.758 [http-nio-auto-1-exec-2] INFO  ies.hw.hw1.controller.CovidController - API 2 - Getting Country by name: not_existent
2022-04-20 17:30:26.367 [http-nio-auto-1-exec-2] INFO  ies.hw.hw1.http.WeakConcurrentHashMap - Inserting : https://covid-19-statistics.p.rapidapi.com/reports?region_name=not_existent : on Cache
2022-04-20 17:30:26.395 [http-nio-auto-1-exec-3] INFO  ies.hw.hw1.controller.CovidController - API 1 - Getting Country brazil for day: 2021-09-30 until 2021-10-02
2022-04-20 17:30:26.683 [http-nio-auto-1-exec-3] INFO  ies.hw.hw1.http.WeakConcurrentHashMap - Inserting : https://covid-193.p.rapidapi.com/history?country=brazil&day=2021-09-30 : on Cache
2022-04-20 17:30:29.093 [http-nio-auto-1-exec-3] INFO  ies.hw.hw1.http.WeakConcurrentHashMap - Inserting : https://covid-193.p.rapidapi.com/history?country=brazil&day=2021-10-01 : on Cache
2022-04-20 17:30:29.393 [http-nio-auto-1-exec-3] INFO  ies.hw.hw1.http.WeakConcurrentHashMap - Inserting : https://covid-193.p.rapidapi.com/history?country=brazil&day=2021-10-02 : on Cache
2022-04-20 17:30:29.421 [http-nio-auto-1-exec-4] INFO  ies.hw.hw1.controller.CovidController - API 2 - Getting Country brazil for day: 2021-09-30 until 2021-10-02
2022-04-20 17:30:29.892 [http-nio-auto-1-exec-4] INFO  ies.hw.hw1.http.WeakConcurrentHashMap - Inserting : https://covid-19-statistics.p.rapidapi.com/reports?region_name=brazil&date=2021-09-30 : on Cache
2022-04-20 17:30:31.358 [http-nio-auto-1-exec-4] INFO  ies.hw.hw1.http.WeakConcurrentHashMap - Inserting : https://covid-19-statistics.p.rapidapi.com/reports?region_name=brazil&date=2021-10-01 : on Cache
2022-04-20 17:30:31.768 [http-nio-auto-1-exec-4] INFO  ies.hw.hw1.http.WeakConcurrentHashMap - Inserting : https://covid-19-statistics.p.rapidapi.com/reports?region_name=brazil&date=2021-10-02 : on Cache
2022-04-20 17:30:31.803 [http-nio-auto-1-exec-5] INFO  ies.hw.hw1.controller.CovidController - API 1 - Getting all countries
2022-04-20 17:30:33.673 [http-nio-auto-1-exec-5] INFO  ies.hw.hw1.http.WeakConcurrentHashMap - Inserting : https://covid-193.p.rapidapi.com/countries : on Cache
2022-04-20 17:30:33.711 [http-nio-auto-1-exec-6] INFO  ies.hw.hw1.controller.CovidController - API 2 - Getting all countries
2022-04-20 17:30:33.996 [http-nio-auto-1-exec-6] INFO  ies.hw.hw1.http.WeakConcurrentHashMap - Inserting : https://covid-19-statistics.p.rapidapi.com/regions : on Cache
2022-04-20 17:30:34.023 [http-nio-auto-1-exec-7] INFO  ies.hw.hw1.controller.CovidController - API 1 - Getting Country by name: brazil
2022-04-20 17:30:34.389 [http-nio-auto-1-exec-7] INFO  ies.hw.hw1.http.WeakConcurrentHashMap - Inserting : https://covid-193.p.rapidapi.com/history?country=brazil&day=2022-04-20 : on Cache
2022-04-20 17:30:34.426 [http-nio-auto-1-exec-8] INFO  ies.hw.hw1.controller.CovidController - API 2 - Getting Country by name: brazil
2022-04-20 17:30:34.826 [http-nio-auto-1-exec-8] INFO  ies.hw.hw1.http.WeakConcurrentHashMap - Inserting : https://covid-19-statistics.p.rapidapi.com/reports?region_name=brazil : on Cache
2022-04-20 17:30:34.870 [Thread-9] INFO  ies.hw.hw1.http.WeakConcurrentHashMap - Initiating Cleaner Thread...
2022-04-20 17:30:34.904 [Thread-10] INFO  ies.hw.hw1.http.WeakConcurrentHashMap - Initiating Cleaner Thread...
2022-04-20 17:30:34.929 [Thread-11] INFO  ies.hw.hw1.http.WeakConcurrentHashMap - Initiating Cleaner Thread...
2022-04-20 17:30:34.952 [Thread-12] INFO  ies.hw.hw1.http.WeakConcurrentHashMap - Initiating Cleaner Thread...
2022-04-20 17:30:34.982 [Thread-13] INFO  ies.hw.hw1.http.WeakConcurrentHashMap - Initiating Cleaner Thread...
2022-04-20 17:30:34.988 [Thread-14] INFO  ies.hw.hw1.http.WeakConcurrentHashMap - Initiating Cleaner Thread...
2022-04-20 17:30:34.998 [Thread-15] INFO  ies.hw.hw1.http.WeakConcurrentHashMap - Initiating Cleaner Thread...
2022-04-20 17:30:35.009 [Thread-16] INFO  ies.hw.hw1.http.WeakConcurrentHashMap - Initiating Cleaner Thread...
